{"/home/ander/Documents/reportes-sql/indicators-front/postcss.config.js": {"path":"/home/ander/Documents/reportes-sql/indicators-front/postcss.config.js","all":true,"statementMap":{"0":{"start":{"line":1,"column":0},"end":{"line":1,"column":16}},"1":{"start":{"line":2,"column":0},"end":{"line":2,"column":12}},"2":{"start":{"line":3,"column":0},"end":{"line":3,"column":31}},"3":{"start":{"line":4,"column":0},"end":{"line":4,"column":21}},"4":{"start":{"line":5,"column":0},"end":{"line":5,"column":4}},"5":{"start":{"line":6,"column":0},"end":{"line":6,"column":1}}},"s":{"0":0,"1":0,"2":0,"3":0,"4":0,"5":0},"branchMap":{"0":{"type":"branch","line":1,"loc":{"start":{"line":1,"column":0},"end":{"line":6,"column":-11}},"locations":[{"start":{"line":1,"column":0},"end":{"line":6,"column":-11}}]}},"b":{"0":[0]},"fnMap":{"0":{"name":"(empty-report)","decl":{"start":{"line":1,"column":0},"end":{"line":6,"column":-11}},"loc":{"start":{"line":1,"column":0},"end":{"line":6,"column":-11}},"line":1}},"f":{"0":0}}
,"/home/ander/Documents/reportes-sql/indicators-front/src/App.tsx": {"path":"/home/ander/Documents/reportes-sql/indicators-front/src/App.tsx","all":true,"statementMap":{"0":{"start":{"line":1,"column":0},"end":{"line":1,"column":49}},"1":{"start":{"line":2,"column":0},"end":{"line":2,"column":54}},"2":{"start":{"line":3,"column":0},"end":{"line":3,"column":62}},"3":{"start":{"line":4,"column":0},"end":{"line":4,"column":58}},"4":{"start":{"line":5,"column":0},"end":{"line":5,"column":52}},"6":{"start":{"line":7,"column":0},"end":{"line":7,"column":16}},"7":{"start":{"line":8,"column":0},"end":{"line":8,"column":10}},"8":{"start":{"line":9,"column":0},"end":{"line":9,"column":12}},"9":{"start":{"line":10,"column":0},"end":{"line":10,"column":54}},"10":{"start":{"line":11,"column":0},"end":{"line":11,"column":87}},"11":{"start":{"line":12,"column":0},"end":{"line":12,"column":90}},"12":{"start":{"line":13,"column":0},"end":{"line":13,"column":73}},"13":{"start":{"line":14,"column":0},"end":{"line":14,"column":63}},"14":{"start":{"line":15,"column":0},"end":{"line":15,"column":114}},"15":{"start":{"line":16,"column":0},"end":{"line":16,"column":13}},"17":{"start":{"line":18,"column":0},"end":{"line":18,"column":1}},"19":{"start":{"line":20,"column":0},"end":{"line":20,"column":19}}},"s":{"0":0,"1":0,"2":0,"3":0,"4":0,"6":0,"7":0,"8":0,"9":0,"10":0,"11":0,"12":0,"13":0,"14":0,"15":0,"17":0,"19":0},"branchMap":{"0":{"type":"branch","line":1,"loc":{"start":{"line":1,"column":0},"end":{"line":20,"column":-502}},"locations":[{"start":{"line":1,"column":0},"end":{"line":20,"column":-502}}]}},"b":{"0":[0]},"fnMap":{"0":{"name":"(empty-report)","decl":{"start":{"line":1,"column":0},"end":{"line":20,"column":-502}},"loc":{"start":{"line":1,"column":0},"end":{"line":20,"column":-502}},"line":1}},"f":{"0":0}}
,"/home/ander/Documents/reportes-sql/indicators-front/src/main.tsx": {"path":"/home/ander/Documents/reportes-sql/indicators-front/src/main.tsx","all":true,"statementMap":{"0":{"start":{"line":1,"column":0},"end":{"line":1,"column":34}},"1":{"start":{"line":2,"column":0},"end":{"line":2,"column":45}},"2":{"start":{"line":3,"column":0},"end":{"line":3,"column":48}},"3":{"start":{"line":4,"column":0},"end":{"line":4,"column":72}},"4":{"start":{"line":5,"column":0},"end":{"line":5,"column":20}},"5":{"start":{"line":6,"column":0},"end":{"line":6,"column":27}},"6":{"start":{"line":7,"column":0},"end":{"line":7,"column":54}},"8":{"start":{"line":9,"column":0},"end":{"line":9,"column":37}},"9":{"start":{"line":10,"column":0},"end":{"line":10,"column":19}},"10":{"start":{"line":11,"column":0},"end":{"line":11,"column":14}},"11":{"start":{"line":12,"column":0},"end":{"line":12,"column":24}},"12":{"start":{"line":13,"column":0},"end":{"line":13,"column":15}},"13":{"start":{"line":14,"column":0},"end":{"line":14,"column":6}},"14":{"start":{"line":15,"column":0},"end":{"line":15,"column":4}},"15":{"start":{"line":16,"column":0},"end":{"line":16,"column":2}},"19":{"start":{"line":20,"column":0},"end":{"line":20,"column":50}},"20":{"start":{"line":21,"column":0},"end":{"line":21,"column":48}},"21":{"start":{"line":22,"column":0},"end":{"line":22,"column":11}},"22":{"start":{"line":23,"column":0},"end":{"line":23,"column":3}},"23":{"start":{"line":24,"column":0},"end":{"line":24,"column":6}},"24":{"start":{"line":25,"column":0},"end":{"line":25,"column":23}},"25":{"start":{"line":26,"column":0},"end":{"line":26,"column":43}},"26":{"start":{"line":27,"column":0},"end":{"line":27,"column":27}},"27":{"start":{"line":28,"column":0},"end":{"line":28,"column":5}},"28":{"start":{"line":29,"column":0},"end":{"line":29,"column":18}},"29":{"start":{"line":30,"column":0},"end":{"line":30,"column":44}},"30":{"start":{"line":31,"column":0},"end":{"line":31,"column":27}},"31":{"start":{"line":32,"column":0},"end":{"line":32,"column":30}},"32":{"start":{"line":33,"column":0},"end":{"line":33,"column":6}},"33":{"start":{"line":34,"column":0},"end":{"line":34,"column":3}},"34":{"start":{"line":35,"column":0},"end":{"line":35,"column":3}},"36":{"start":{"line":37,"column":0},"end":{"line":37,"column":52}},"37":{"start":{"line":38,"column":0},"end":{"line":38,"column":14}},"38":{"start":{"line":39,"column":0},"end":{"line":39,"column":19}},"39":{"start":{"line":40,"column":0},"end":{"line":40,"column":21}},"40":{"start":{"line":41,"column":0},"end":{"line":41,"column":50}},"41":{"start":{"line":42,"column":0},"end":{"line":42,"column":17}},"42":{"start":{"line":43,"column":0},"end":{"line":43,"column":30}},"43":{"start":{"line":44,"column":0},"end":{"line":44,"column":22}},"44":{"start":{"line":45,"column":0},"end":{"line":45,"column":20}},"45":{"start":{"line":46,"column":0},"end":{"line":46,"column":16}},"46":{"start":{"line":47,"column":0},"end":{"line":47,"column":1}}},"s":{"0":0,"1":0,"2":0,"3":0,"4":0,"5":0,"6":0,"8":0,"9":0,"10":0,"11":0,"12":0,"13":0,"14":0,"15":0,"19":0,"20":0,"21":0,"22":0,"23":0,"24":0,"25":0,"26":0,"27":0,"28":0,"29":0,"30":0,"31":0,"32":0,"33":0,"34":0,"36":0,"37":0,"38":0,"39":0,"40":0,"41":0,"42":0,"43":0,"44":0,"45":0,"46":0},"branchMap":{"0":{"type":"branch","line":1,"loc":{"start":{"line":1,"column":0},"end":{"line":47,"column":-428}},"locations":[{"start":{"line":1,"column":0},"end":{"line":47,"column":-428}}]}},"b":{"0":[0]},"fnMap":{"0":{"name":"(empty-report)","decl":{"start":{"line":1,"column":0},"end":{"line":47,"column":-428}},"loc":{"start":{"line":1,"column":0},"end":{"line":47,"column":-428}},"line":1}},"f":{"0":0}}
,"/home/ander/Documents/reportes-sql/indicators-front/src/api/client.ts": {"path":"/home/ander/Documents/reportes-sql/indicators-front/src/api/client.ts","all":false,"statementMap":{"9":{"start":{"line":10,"column":0},"end":{"line":10,"column":20}},"12":{"start":{"line":13,"column":0},"end":{"line":13,"column":44}},"13":{"start":{"line":14,"column":0},"end":{"line":14,"column":17}},"14":{"start":{"line":15,"column":0},"end":{"line":15,"column":17}},"16":{"start":{"line":17,"column":0},"end":{"line":17,"column":16}},"18":{"start":{"line":19,"column":0},"end":{"line":19,"column":63}},"19":{"start":{"line":20,"column":0},"end":{"line":20,"column":18}},"20":{"start":{"line":21,"column":0},"end":{"line":21,"column":34}},"21":{"start":{"line":22,"column":0},"end":{"line":22,"column":25}},"22":{"start":{"line":23,"column":0},"end":{"line":23,"column":25}},"23":{"start":{"line":24,"column":0},"end":{"line":24,"column":21}},"24":{"start":{"line":25,"column":0},"end":{"line":25,"column":3}},"25":{"start":{"line":26,"column":0},"end":{"line":26,"column":1}},"30":{"start":{"line":31,"column":0},"end":{"line":31,"column":48}},"31":{"start":{"line":32,"column":0},"end":{"line":32,"column":19}},"32":{"start":{"line":33,"column":0},"end":{"line":33,"column":13}},"33":{"start":{"line":34,"column":0},"end":{"line":34,"column":35}},"34":{"start":{"line":35,"column":0},"end":{"line":35,"column":13}},"35":{"start":{"line":36,"column":0},"end":{"line":36,"column":56}},"36":{"start":{"line":37,"column":0},"end":{"line":37,"column":13}},"37":{"start":{"line":38,"column":0},"end":{"line":38,"column":50}},"38":{"start":{"line":39,"column":0},"end":{"line":39,"column":13}},"39":{"start":{"line":40,"column":0},"end":{"line":40,"column":13}},"40":{"start":{"line":41,"column":0},"end":{"line":41,"column":13}},"41":{"start":{"line":42,"column":0},"end":{"line":42,"column":78}},"42":{"start":{"line":43,"column":0},"end":{"line":43,"column":12}},"43":{"start":{"line":44,"column":0},"end":{"line":44,"column":47}},"44":{"start":{"line":45,"column":0},"end":{"line":45,"column":3}},"45":{"start":{"line":46,"column":0},"end":{"line":46,"column":1}},"55":{"start":{"line":56,"column":0},"end":{"line":56,"column":52}},"56":{"start":{"line":57,"column":0},"end":{"line":57,"column":30}},"57":{"start":{"line":58,"column":0},"end":{"line":58,"column":27}},"58":{"start":{"line":59,"column":0},"end":{"line":59,"column":14}},"59":{"start":{"line":60,"column":0},"end":{"line":60,"column":42}},"60":{"start":{"line":61,"column":0},"end":{"line":61,"column":107}},"61":{"start":{"line":62,"column":0},"end":{"line":62,"column":7}},"62":{"start":{"line":63,"column":0},"end":{"line":63,"column":31}},"63":{"start":{"line":64,"column":0},"end":{"line":64,"column":30}},"64":{"start":{"line":65,"column":0},"end":{"line":65,"column":33}},"65":{"start":{"line":66,"column":0},"end":{"line":66,"column":5}},"66":{"start":{"line":67,"column":0},"end":{"line":67,"column":3}},"67":{"start":{"line":68,"column":0},"end":{"line":68,"column":28}},"68":{"start":{"line":69,"column":0},"end":{"line":69,"column":1}},"73":{"start":{"line":74,"column":0},"end":{"line":74,"column":67}},"74":{"start":{"line":75,"column":0},"end":{"line":75,"column":78}},"75":{"start":{"line":76,"column":0},"end":{"line":76,"column":60}},"78":{"start":{"line":79,"column":0},"end":{"line":79,"column":25}},"79":{"start":{"line":80,"column":0},"end":{"line":80,"column":34}},"80":{"start":{"line":81,"column":0},"end":{"line":81,"column":40}},"81":{"start":{"line":82,"column":0},"end":{"line":82,"column":7}},"82":{"start":{"line":83,"column":0},"end":{"line":83,"column":39}},"83":{"start":{"line":84,"column":0},"end":{"line":84,"column":22}},"84":{"start":{"line":85,"column":0},"end":{"line":85,"column":7}},"85":{"start":{"line":86,"column":0},"end":{"line":86,"column":32}},"86":{"start":{"line":87,"column":0},"end":{"line":87,"column":5}},"89":{"start":{"line":90,"column":0},"end":{"line":90,"column":37}},"90":{"start":{"line":91,"column":0},"end":{"line":91,"column":20}},"91":{"start":{"line":92,"column":0},"end":{"line":92,"column":5}},"92":{"start":{"line":93,"column":0},"end":{"line":93,"column":3}},"95":{"start":{"line":96,"column":0},"end":{"line":96,"column":31}},"96":{"start":{"line":97,"column":0},"end":{"line":97,"column":1}},"107":{"start":{"line":108,"column":0},"end":{"line":108,"column":63}},"109":{"start":{"line":110,"column":0},"end":{"line":110,"column":43}},"110":{"start":{"line":111,"column":0},"end":{"line":111,"column":67}},"111":{"start":{"line":112,"column":0},"end":{"line":112,"column":35}},"112":{"start":{"line":113,"column":0},"end":{"line":113,"column":33}},"114":{"start":{"line":115,"column":0},"end":{"line":115,"column":34}},"115":{"start":{"line":116,"column":0},"end":{"line":116,"column":31}},"116":{"start":{"line":117,"column":0},"end":{"line":117,"column":18}},"117":{"start":{"line":118,"column":0},"end":{"line":118,"column":62}},"118":{"start":{"line":119,"column":0},"end":{"line":119,"column":41}},"119":{"start":{"line":120,"column":0},"end":{"line":120,"column":30}},"120":{"start":{"line":121,"column":0},"end":{"line":121,"column":63}},"121":{"start":{"line":122,"column":0},"end":{"line":122,"column":66}},"122":{"start":{"line":123,"column":0},"end":{"line":123,"column":11}},"123":{"start":{"line":124,"column":0},"end":{"line":124,"column":26}},"124":{"start":{"line":125,"column":0},"end":{"line":125,"column":98}},"125":{"start":{"line":126,"column":0},"end":{"line":126,"column":43}},"126":{"start":{"line":127,"column":0},"end":{"line":127,"column":13}},"127":{"start":{"line":128,"column":0},"end":{"line":128,"column":34}},"128":{"start":{"line":129,"column":0},"end":{"line":129,"column":38}},"129":{"start":{"line":130,"column":0},"end":{"line":130,"column":9}},"130":{"start":{"line":131,"column":0},"end":{"line":131,"column":7}},"132":{"start":{"line":133,"column":0},"end":{"line":133,"column":39}},"133":{"start":{"line":134,"column":0},"end":{"line":134,"column":22}},"134":{"start":{"line":135,"column":0},"end":{"line":135,"column":7}},"135":{"start":{"line":136,"column":0},"end":{"line":136,"column":5}},"136":{"start":{"line":137,"column":0},"end":{"line":137,"column":3}},"139":{"start":{"line":140,"column":0},"end":{"line":140,"column":25}},"140":{"start":{"line":141,"column":0},"end":{"line":141,"column":13}},"141":{"start":{"line":142,"column":0},"end":{"line":142,"column":34}},"142":{"start":{"line":143,"column":0},"end":{"line":143,"column":13}},"143":{"start":{"line":144,"column":0},"end":{"line":144,"column":37}},"144":{"start":{"line":145,"column":0},"end":{"line":145,"column":13}},"145":{"start":{"line":146,"column":0},"end":{"line":146,"column":13}},"146":{"start":{"line":147,"column":0},"end":{"line":147,"column":13}},"147":{"start":{"line":148,"column":0},"end":{"line":148,"column":13}},"148":{"start":{"line":149,"column":0},"end":{"line":149,"column":34}},"149":{"start":{"line":150,"column":0},"end":{"line":150,"column":12}},"150":{"start":{"line":151,"column":0},"end":{"line":151,"column":32}},"151":{"start":{"line":152,"column":0},"end":{"line":152,"column":3}},"152":{"start":{"line":153,"column":0},"end":{"line":153,"column":1}},"160":{"start":{"line":161,"column":0},"end":{"line":161,"column":69}},"161":{"start":{"line":162,"column":0},"end":{"line":162,"column":21}},"162":{"start":{"line":163,"column":0},"end":{"line":163,"column":23}},"163":{"start":{"line":164,"column":0},"end":{"line":164,"column":22}},"164":{"start":{"line":165,"column":0},"end":{"line":165,"column":9}},"165":{"start":{"line":166,"column":0},"end":{"line":166,"column":35}},"166":{"start":{"line":167,"column":0},"end":{"line":167,"column":56}},"167":{"start":{"line":168,"column":0},"end":{"line":168,"column":13}},"168":{"start":{"line":169,"column":0},"end":{"line":169,"column":46}},"169":{"start":{"line":170,"column":0},"end":{"line":170,"column":5}},"170":{"start":{"line":171,"column":0},"end":{"line":171,"column":61}},"171":{"start":{"line":172,"column":0},"end":{"line":172,"column":3}},"173":{"start":{"line":174,"column":0},"end":{"line":174,"column":32}},"174":{"start":{"line":175,"column":0},"end":{"line":175,"column":21}},"175":{"start":{"line":176,"column":0},"end":{"line":176,"column":3}},"177":{"start":{"line":178,"column":0},"end":{"line":178,"column":25}},"178":{"start":{"line":179,"column":0},"end":{"line":179,"column":1}},"183":{"start":{"line":184,"column":0},"end":{"line":184,"column":18}},"184":{"start":{"line":185,"column":0},"end":{"line":185,"column":15}},"185":{"start":{"line":186,"column":0},"end":{"line":186,"column":43}},"186":{"start":{"line":187,"column":0},"end":{"line":187,"column":11}},"187":{"start":{"line":188,"column":0},"end":{"line":188,"column":68}},"188":{"start":{"line":189,"column":0},"end":{"line":189,"column":15}},"189":{"start":{"line":190,"column":0},"end":{"line":190,"column":56}},"190":{"start":{"line":191,"column":0},"end":{"line":191,"column":47}},"191":{"start":{"line":192,"column":0},"end":{"line":192,"column":5}},"192":{"start":{"line":193,"column":0},"end":{"line":193,"column":3}},"193":{"start":{"line":194,"column":0},"end":{"line":194,"column":24}},"194":{"start":{"line":195,"column":0},"end":{"line":195,"column":1}},"204":{"start":{"line":205,"column":0},"end":{"line":205,"column":32}},"205":{"start":{"line":206,"column":0},"end":{"line":206,"column":15}},"206":{"start":{"line":207,"column":0},"end":{"line":207,"column":43}},"207":{"start":{"line":208,"column":0},"end":{"line":208,"column":15}},"208":{"start":{"line":209,"column":0},"end":{"line":209,"column":37}},"209":{"start":{"line":210,"column":0},"end":{"line":210,"column":55}},"210":{"start":{"line":211,"column":0},"end":{"line":211,"column":48}},"211":{"start":{"line":212,"column":0},"end":{"line":212,"column":1}},"221":{"start":{"line":222,"column":0},"end":{"line":222,"column":75}},"222":{"start":{"line":223,"column":0},"end":{"line":223,"column":29}},"223":{"start":{"line":224,"column":0},"end":{"line":224,"column":37}},"224":{"start":{"line":225,"column":0},"end":{"line":225,"column":19}},"225":{"start":{"line":226,"column":0},"end":{"line":226,"column":52}},"226":{"start":{"line":227,"column":0},"end":{"line":227,"column":31}},"227":{"start":{"line":228,"column":0},"end":{"line":228,"column":5}},"228":{"start":{"line":229,"column":0},"end":{"line":229,"column":48}},"229":{"start":{"line":230,"column":0},"end":{"line":230,"column":1}},"239":{"start":{"line":240,"column":0},"end":{"line":240,"column":74}},"240":{"start":{"line":241,"column":0},"end":{"line":241,"column":29}},"241":{"start":{"line":242,"column":0},"end":{"line":242,"column":37}},"242":{"start":{"line":243,"column":0},"end":{"line":243,"column":18}},"243":{"start":{"line":244,"column":0},"end":{"line":244,"column":52}},"244":{"start":{"line":245,"column":0},"end":{"line":245,"column":31}},"245":{"start":{"line":246,"column":0},"end":{"line":246,"column":5}},"246":{"start":{"line":247,"column":0},"end":{"line":247,"column":48}},"247":{"start":{"line":248,"column":0},"end":{"line":248,"column":1}},"255":{"start":{"line":256,"column":0},"end":{"line":256,"column":62}},"256":{"start":{"line":257,"column":0},"end":{"line":257,"column":29}},"257":{"start":{"line":258,"column":0},"end":{"line":258,"column":58}},"258":{"start":{"line":259,"column":0},"end":{"line":259,"column":33}},"259":{"start":{"line":260,"column":0},"end":{"line":260,"column":1}}},"s":{"9":1,"12":1,"13":1,"14":24,"16":24,"18":1,"19":24,"20":24,"21":24,"22":24,"23":24,"24":24,"25":1,"30":0,"31":0,"32":0,"33":0,"34":0,"35":0,"36":0,"37":0,"38":0,"39":0,"40":0,"41":0,"42":0,"43":0,"44":0,"45":0,"55":0,"56":0,"57":0,"58":0,"59":0,"60":0,"61":0,"62":0,"63":0,"64":0,"65":0,"66":0,"67":0,"68":0,"73":11,"74":11,"75":11,"78":11,"79":1,"80":0,"81":0,"82":1,"83":1,"84":1,"85":0,"86":0,"89":10,"90":10,"91":10,"92":11,"95":0,"96":0,"107":1,"109":12,"110":3,"111":3,"112":3,"114":3,"115":2,"116":2,"117":2,"118":3,"119":3,"120":3,"121":3,"122":2,"123":2,"124":3,"125":3,"126":2,"127":2,"128":2,"129":2,"130":2,"132":1,"133":1,"134":1,"135":3,"136":3,"139":9,"140":12,"141":1,"142":12,"143":1,"144":12,"145":12,"146":12,"147":12,"148":5,"149":12,"150":2,"151":12,"152":12,"160":68,"161":68,"162":11,"163":11,"164":11,"165":11,"166":11,"167":11,"168":0,"169":0,"170":11,"171":11,"173":67,"174":2,"175":2,"177":55,"178":55,"183":68,"184":68,"185":68,"186":68,"187":68,"188":68,"189":45,"190":78,"191":78,"192":45,"193":68,"194":68,"204":56,"205":56,"206":56,"207":56,"208":56,"209":56,"210":56,"211":56,"221":8,"222":8,"223":8,"224":8,"225":8,"226":8,"227":8,"228":8,"229":8,"239":0,"240":0,"241":0,"242":0,"243":0,"244":0,"245":0,"246":0,"247":0,"255":4,"256":4,"257":4,"258":4,"259":2},"branchMap":{"0":{"type":"branch","line":14,"loc":{"start":{"line":14,"column":2},"end":{"line":17,"column":16}},"locations":[{"start":{"line":14,"column":2},"end":{"line":17,"column":16}}]},"1":{"type":"branch","line":19,"loc":{"start":{"line":19,"column":2},"end":{"line":25,"column":3}},"locations":[{"start":{"line":19,"column":2},"end":{"line":25,"column":3}}]},"2":{"type":"branch","line":74,"loc":{"start":{"line":74,"column":0},"end":{"line":97,"column":1}},"locations":[{"start":{"line":74,"column":0},"end":{"line":97,"column":1}}]},"3":{"type":"branch","line":79,"loc":{"start":{"line":79,"column":24},"end":{"line":87,"column":5}},"locations":[{"start":{"line":79,"column":24},"end":{"line":87,"column":5}}]},"4":{"type":"branch","line":80,"loc":{"start":{"line":80,"column":33},"end":{"line":82,"column":7}},"locations":[{"start":{"line":80,"column":33},"end":{"line":82,"column":7}}]},"5":{"type":"branch","line":85,"loc":{"start":{"line":85,"column":6},"end":{"line":87,"column":5}},"locations":[{"start":{"line":85,"column":6},"end":{"line":87,"column":5}}]},"6":{"type":"branch","line":87,"loc":{"start":{"line":87,"column":4},"end":{"line":92,"column":5}},"locations":[{"start":{"line":87,"column":4},"end":{"line":92,"column":5}}]},"7":{"type":"branch","line":93,"loc":{"start":{"line":93,"column":2},"end":{"line":97,"column":1}},"locations":[{"start":{"line":93,"column":2},"end":{"line":97,"column":1}}]},"8":{"type":"branch","line":108,"loc":{"start":{"line":108,"column":7},"end":{"line":153,"column":1}},"locations":[{"start":{"line":108,"column":7},"end":{"line":153,"column":1}}]},"9":{"type":"branch","line":110,"loc":{"start":{"line":110,"column":23},"end":{"line":110,"column":42}},"locations":[{"start":{"line":110,"column":23},"end":{"line":110,"column":42}}]},"10":{"type":"branch","line":110,"loc":{"start":{"line":110,"column":42},"end":{"line":137,"column":3}},"locations":[{"start":{"line":110,"column":42},"end":{"line":137,"column":3}}]},"11":{"type":"branch","line":115,"loc":{"start":{"line":115,"column":33},"end":{"line":131,"column":7}},"locations":[{"start":{"line":115,"column":33},"end":{"line":131,"column":7}}]},"12":{"type":"branch","line":131,"loc":{"start":{"line":131,"column":6},"end":{"line":135,"column":7}},"locations":[{"start":{"line":131,"column":6},"end":{"line":135,"column":7}}]},"13":{"type":"branch","line":137,"loc":{"start":{"line":137,"column":2},"end":{"line":140,"column":25}},"locations":[{"start":{"line":137,"column":2},"end":{"line":140,"column":25}}]},"14":{"type":"branch","line":141,"loc":{"start":{"line":141,"column":4},"end":{"line":142,"column":34}},"locations":[{"start":{"line":141,"column":4},"end":{"line":142,"column":34}}]},"15":{"type":"branch","line":143,"loc":{"start":{"line":143,"column":4},"end":{"line":144,"column":37}},"locations":[{"start":{"line":143,"column":4},"end":{"line":144,"column":37}}]},"16":{"type":"branch","line":145,"loc":{"start":{"line":145,"column":4},"end":{"line":145,"column":13}},"locations":[{"start":{"line":145,"column":4},"end":{"line":145,"column":13}}]},"17":{"type":"branch","line":146,"loc":{"start":{"line":146,"column":4},"end":{"line":146,"column":13}},"locations":[{"start":{"line":146,"column":4},"end":{"line":146,"column":13}}]},"18":{"type":"branch","line":147,"loc":{"start":{"line":147,"column":4},"end":{"line":147,"column":13}},"locations":[{"start":{"line":147,"column":4},"end":{"line":147,"column":13}}]},"19":{"type":"branch","line":148,"loc":{"start":{"line":148,"column":4},"end":{"line":149,"column":34}},"locations":[{"start":{"line":148,"column":4},"end":{"line":149,"column":34}}]},"20":{"type":"branch","line":150,"loc":{"start":{"line":150,"column":4},"end":{"line":151,"column":32}},"locations":[{"start":{"line":150,"column":4},"end":{"line":151,"column":32}}]},"21":{"type":"branch","line":118,"loc":{"start":{"line":118,"column":12},"end":{"line":122,"column":66}},"locations":[{"start":{"line":118,"column":12},"end":{"line":122,"column":66}}]},"22":{"type":"branch","line":124,"loc":{"start":{"line":124,"column":15},"end":{"line":127,"column":11}},"locations":[{"start":{"line":124,"column":15},"end":{"line":127,"column":11}}]},"23":{"type":"branch","line":125,"loc":{"start":{"line":125,"column":84},"end":{"line":125,"column":98}},"locations":[{"start":{"line":125,"column":84},"end":{"line":125,"column":98}}]},"24":{"type":"branch","line":161,"loc":{"start":{"line":161,"column":0},"end":{"line":179,"column":1}},"locations":[{"start":{"line":161,"column":0},"end":{"line":179,"column":1}}]},"25":{"type":"branch","line":162,"loc":{"start":{"line":162,"column":20},"end":{"line":172,"column":3}},"locations":[{"start":{"line":162,"column":20},"end":{"line":172,"column":3}}]},"26":{"type":"branch","line":168,"loc":{"start":{"line":168,"column":4},"end":{"line":170,"column":5}},"locations":[{"start":{"line":168,"column":4},"end":{"line":170,"column":5}}]},"27":{"type":"branch","line":172,"loc":{"start":{"line":172,"column":2},"end":{"line":179,"column":1}},"locations":[{"start":{"line":172,"column":2},"end":{"line":179,"column":1}}]},"28":{"type":"branch","line":172,"loc":{"start":{"line":172,"column":2},"end":{"line":174,"column":31}},"locations":[{"start":{"line":172,"column":2},"end":{"line":174,"column":31}}]},"29":{"type":"branch","line":174,"loc":{"start":{"line":174,"column":31},"end":{"line":176,"column":3}},"locations":[{"start":{"line":174,"column":31},"end":{"line":176,"column":3}}]},"30":{"type":"branch","line":176,"loc":{"start":{"line":176,"column":2},"end":{"line":179,"column":1}},"locations":[{"start":{"line":176,"column":2},"end":{"line":179,"column":1}}]},"31":{"type":"branch","line":184,"loc":{"start":{"line":184,"column":0},"end":{"line":195,"column":1}},"locations":[{"start":{"line":184,"column":0},"end":{"line":195,"column":1}}]},"32":{"type":"branch","line":189,"loc":{"start":{"line":189,"column":14},"end":{"line":193,"column":3}},"locations":[{"start":{"line":189,"column":14},"end":{"line":193,"column":3}}]},"33":{"type":"branch","line":190,"loc":{"start":{"line":190,"column":55},"end":{"line":192,"column":5}},"locations":[{"start":{"line":190,"column":55},"end":{"line":192,"column":5}}]},"34":{"type":"branch","line":205,"loc":{"start":{"line":205,"column":0},"end":{"line":212,"column":1}},"locations":[{"start":{"line":205,"column":0},"end":{"line":212,"column":1}}]},"35":{"type":"branch","line":222,"loc":{"start":{"line":222,"column":0},"end":{"line":230,"column":1}},"locations":[{"start":{"line":222,"column":0},"end":{"line":230,"column":1}}]},"36":{"type":"branch","line":256,"loc":{"start":{"line":256,"column":0},"end":{"line":260,"column":1}},"locations":[{"start":{"line":256,"column":0},"end":{"line":260,"column":1}}]},"37":{"type":"branch","line":259,"loc":{"start":{"line":259,"column":31},"end":{"line":260,"column":1}},"locations":[{"start":{"line":259,"column":31},"end":{"line":260,"column":1}}]}},"b":{"0":[24],"1":[24],"2":[11],"3":[1],"4":[0],"5":[0],"6":[10],"7":[0],"8":[12],"9":[4],"10":[3],"11":[2],"12":[1],"13":[9],"14":[1],"15":[1],"16":[1],"17":[2],"18":[4],"19":[5],"20":[2],"21":[3],"22":[3],"23":[0],"24":[68],"25":[11],"26":[0],"27":[67],"28":[57],"29":[2],"30":[55],"31":[68],"32":[45],"33":[78],"34":[56],"35":[8],"36":[4],"37":[2]},"fnMap":{"0":{"name":"<instance_members_initializer>","decl":{"start":{"line":14,"column":2},"end":{"line":17,"column":16}},"loc":{"start":{"line":14,"column":2},"end":{"line":17,"column":16}},"line":14},"1":{"name":"ApiRequestError","decl":{"start":{"line":19,"column":2},"end":{"line":25,"column":3}},"loc":{"start":{"line":19,"column":2},"end":{"line":25,"column":3}},"line":19},"2":{"name":"statusMessage","decl":{"start":{"line":31,"column":0},"end":{"line":46,"column":1}},"loc":{"start":{"line":31,"column":0},"end":{"line":46,"column":1}},"line":31},"3":{"name":"flatten422Detail","decl":{"start":{"line":56,"column":0},"end":{"line":69,"column":1}},"loc":{"start":{"line":56,"column":0},"end":{"line":69,"column":1}},"line":56},"4":{"name":"formatErrorDetail","decl":{"start":{"line":74,"column":0},"end":{"line":97,"column":1}},"loc":{"start":{"line":74,"column":0},"end":{"line":97,"column":1}},"line":74},"5":{"name":"parseApiError","decl":{"start":{"line":108,"column":7},"end":{"line":153,"column":1}},"loc":{"start":{"line":108,"column":7},"end":{"line":153,"column":1}},"line":108},"6":{"name":"handleResponse","decl":{"start":{"line":161,"column":0},"end":{"line":179,"column":1}},"loc":{"start":{"line":161,"column":0},"end":{"line":179,"column":1}},"line":161},"7":{"name":"buildUrl","decl":{"start":{"line":184,"column":0},"end":{"line":195,"column":1}},"loc":{"start":{"line":184,"column":0},"end":{"line":195,"column":1}},"line":184},"8":{"name":"apiGet","decl":{"start":{"line":205,"column":0},"end":{"line":212,"column":1}},"loc":{"start":{"line":205,"column":0},"end":{"line":212,"column":1}},"line":205},"9":{"name":"apiPost","decl":{"start":{"line":222,"column":0},"end":{"line":230,"column":1}},"loc":{"start":{"line":222,"column":0},"end":{"line":230,"column":1}},"line":222},"10":{"name":"apiPut","decl":{"start":{"line":240,"column":0},"end":{"line":248,"column":1}},"loc":{"start":{"line":240,"column":0},"end":{"line":248,"column":1}},"line":240},"11":{"name":"apiDelete","decl":{"start":{"line":256,"column":0},"end":{"line":260,"column":1}},"loc":{"start":{"line":256,"column":0},"end":{"line":260,"column":1}},"line":256}},"f":{"0":24,"1":24,"2":0,"3":0,"4":11,"5":12,"6":68,"7":68,"8":56,"9":8,"10":0,"11":4}}
,"/home/ander/Documents/reportes-sql/indicators-front/src/api/indicadores.ts": {"path":"/home/ander/Documents/reportes-sql/indicators-front/src/api/indicadores.ts","all":false,"statementMap":{"0":{"start":{"line":1,"column":0},"end":{"line":1,"column":3}},"30":{"start":{"line":31,"column":0},"end":{"line":31,"column":31}},"31":{"start":{"line":32,"column":0},"end":{"line":32,"column":15}},"32":{"start":{"line":33,"column":0},"end":{"line":33,"column":15}},"33":{"start":{"line":34,"column":0},"end":{"line":34,"column":42}},"34":{"start":{"line":35,"column":0},"end":{"line":35,"column":79}},"35":{"start":{"line":36,"column":0},"end":{"line":36,"column":1}},"45":{"start":{"line":46,"column":0},"end":{"line":46,"column":68}},"46":{"start":{"line":47,"column":0},"end":{"line":47,"column":55}},"47":{"start":{"line":48,"column":0},"end":{"line":48,"column":1}},"58":{"start":{"line":59,"column":0},"end":{"line":59,"column":30}},"59":{"start":{"line":60,"column":0},"end":{"line":60,"column":13}},"60":{"start":{"line":61,"column":0},"end":{"line":61,"column":38}},"61":{"start":{"line":62,"column":0},"end":{"line":62,"column":30}},"62":{"start":{"line":63,"column":0},"end":{"line":63,"column":83}},"63":{"start":{"line":64,"column":0},"end":{"line":64,"column":1}},"73":{"start":{"line":74,"column":0},"end":{"line":74,"column":83}},"74":{"start":{"line":75,"column":0},"end":{"line":75,"column":51}},"75":{"start":{"line":76,"column":0},"end":{"line":76,"column":1}},"86":{"start":{"line":87,"column":0},"end":{"line":87,"column":95}},"87":{"start":{"line":88,"column":0},"end":{"line":88,"column":55}},"88":{"start":{"line":89,"column":0},"end":{"line":89,"column":1}},"96":{"start":{"line":97,"column":0},"end":{"line":97,"column":69}},"97":{"start":{"line":98,"column":0},"end":{"line":98,"column":69}},"98":{"start":{"line":99,"column":0},"end":{"line":99,"column":1}},"106":{"start":{"line":107,"column":0},"end":{"line":107,"column":77}},"107":{"start":{"line":108,"column":0},"end":{"line":108,"column":78}},"108":{"start":{"line":109,"column":0},"end":{"line":109,"column":1}},"118":{"start":{"line":119,"column":0},"end":{"line":119,"column":60}},"119":{"start":{"line":120,"column":0},"end":{"line":120,"column":41}},"120":{"start":{"line":121,"column":0},"end":{"line":121,"column":1}},"128":{"start":{"line":129,"column":0},"end":{"line":129,"column":71}},"129":{"start":{"line":130,"column":0},"end":{"line":130,"column":65}},"130":{"start":{"line":131,"column":0},"end":{"line":131,"column":1}}},"s":{"0":1,"30":1,"31":16,"32":16,"33":16,"34":16,"35":16,"45":1,"46":11,"47":11,"58":1,"59":3,"60":3,"61":3,"62":3,"63":3,"73":1,"74":0,"75":0,"86":1,"87":0,"88":0,"96":1,"97":0,"98":0,"106":1,"107":8,"108":8,"118":1,"119":4,"120":4,"128":1,"129":8,"130":8},"branchMap":{"0":{"type":"branch","line":31,"loc":{"start":{"line":31,"column":7},"end":{"line":36,"column":1}},"locations":[{"start":{"line":31,"column":7},"end":{"line":36,"column":1}}]},"1":{"type":"branch","line":46,"loc":{"start":{"line":46,"column":7},"end":{"line":48,"column":1}},"locations":[{"start":{"line":46,"column":7},"end":{"line":48,"column":1}}]},"2":{"type":"branch","line":59,"loc":{"start":{"line":59,"column":7},"end":{"line":64,"column":1}},"locations":[{"start":{"line":59,"column":7},"end":{"line":64,"column":1}}]},"3":{"type":"branch","line":107,"loc":{"start":{"line":107,"column":7},"end":{"line":109,"column":1}},"locations":[{"start":{"line":107,"column":7},"end":{"line":109,"column":1}}]},"4":{"type":"branch","line":119,"loc":{"start":{"line":119,"column":7},"end":{"line":121,"column":1}},"locations":[{"start":{"line":119,"column":7},"end":{"line":121,"column":1}}]},"5":{"type":"branch","line":129,"loc":{"start":{"line":129,"column":7},"end":{"line":131,"column":1}},"locations":[{"start":{"line":129,"column":7},"end":{"line":131,"column":1}}]}},"b":{"0":[16],"1":[11],"2":[3],"3":[8],"4":[4],"5":[8]},"fnMap":{"0":{"name":"getIndicadores","decl":{"start":{"line":31,"column":7},"end":{"line":36,"column":1}},"loc":{"start":{"line":31,"column":7},"end":{"line":36,"column":1}},"line":31},"1":{"name":"getIndicador","decl":{"start":{"line":46,"column":7},"end":{"line":48,"column":1}},"loc":{"start":{"line":46,"column":7},"end":{"line":48,"column":1}},"line":46},"2":{"name":"createVersion","decl":{"start":{"line":59,"column":7},"end":{"line":64,"column":1}},"loc":{"start":{"line":59,"column":7},"end":{"line":64,"column":1}},"line":59},"3":{"name":"createIndicador","decl":{"start":{"line":74,"column":7},"end":{"line":76,"column":1}},"loc":{"start":{"line":74,"column":7},"end":{"line":76,"column":1}},"line":74},"4":{"name":"updateIndicador","decl":{"start":{"line":87,"column":7},"end":{"line":89,"column":1}},"loc":{"start":{"line":87,"column":7},"end":{"line":89,"column":1}},"line":87},"5":{"name":"getEncounterTypes","decl":{"start":{"line":97,"column":7},"end":{"line":99,"column":1}},"loc":{"start":{"line":97,"column":7},"end":{"line":99,"column":1}},"line":97},"6":{"name":"searchDiagnosticos","decl":{"start":{"line":107,"column":7},"end":{"line":109,"column":1}},"loc":{"start":{"line":107,"column":7},"end":{"line":109,"column":1}},"line":107},"7":{"name":"deleteIndicador","decl":{"start":{"line":119,"column":7},"end":{"line":121,"column":1}},"loc":{"start":{"line":119,"column":7},"end":{"line":121,"column":1}},"line":119},"8":{"name":"searchLocations","decl":{"start":{"line":129,"column":7},"end":{"line":131,"column":1}},"loc":{"start":{"line":129,"column":7},"end":{"line":131,"column":1}},"line":129}},"f":{"0":16,"1":11,"2":3,"3":0,"4":0,"5":0,"6":8,"7":4,"8":8}}
,"/home/ander/Documents/reportes-sql/indicators-front/src/api/resultados.ts": {"path":"/home/ander/Documents/reportes-sql/indicators-front/src/api/resultados.ts","all":false,"statementMap":{"0":{"start":{"line":1,"column":0},"end":{"line":1,"column":3}},"22":{"start":{"line":23,"column":0},"end":{"line":23,"column":30}},"23":{"start":{"line":24,"column":0},"end":{"line":24,"column":30}},"24":{"start":{"line":25,"column":0},"end":{"line":25,"column":51}},"25":{"start":{"line":26,"column":0},"end":{"line":26,"column":79}},"26":{"start":{"line":27,"column":0},"end":{"line":27,"column":1}},"34":{"start":{"line":35,"column":0},"end":{"line":35,"column":68}},"35":{"start":{"line":36,"column":0},"end":{"line":36,"column":77}},"36":{"start":{"line":37,"column":0},"end":{"line":37,"column":1}}},"s":{"0":1,"22":1,"23":15,"24":15,"25":15,"26":15,"34":1,"35":6,"36":6},"branchMap":{"0":{"type":"branch","line":23,"loc":{"start":{"line":23,"column":7},"end":{"line":27,"column":1}},"locations":[{"start":{"line":23,"column":7},"end":{"line":27,"column":1}}]},"1":{"type":"branch","line":35,"loc":{"start":{"line":35,"column":7},"end":{"line":37,"column":1}},"locations":[{"start":{"line":35,"column":7},"end":{"line":37,"column":1}}]}},"b":{"0":[15],"1":[6]},"fnMap":{"0":{"name":"getResultados","decl":{"start":{"line":23,"column":7},"end":{"line":27,"column":1}},"loc":{"start":{"line":23,"column":7},"end":{"line":27,"column":1}},"line":23},"1":{"name":"calcularAhora","decl":{"start":{"line":35,"column":7},"end":{"line":37,"column":1}},"loc":{"start":{"line":35,"column":7},"end":{"line":37,"column":1}},"line":35}},"f":{"0":15,"1":6}}
,"/home/ander/Documents/reportes-sql/indicators-front/src/api/types.ts": {"path":"/home/ander/Documents/reportes-sql/indicators-front/src/api/types.ts","all":true,"statementMap":{},"s":{},"branchMap":{"0":{"type":"branch","line":1,"loc":{"start":{"line":1,"column":4465},"end":{"line":166,"column":1}},"locations":[{"start":{"line":1,"column":4465},"end":{"line":166,"column":1}}]}},"b":{"0":[1]},"fnMap":{"0":{"name":"(empty-report)","decl":{"start":{"line":1,"column":4465},"end":{"line":166,"column":1}},"loc":{"start":{"line":1,"column":4465},"end":{"line":166,"column":1}},"line":1}},"f":{"0":1}}
,"/home/ander/Documents/reportes-sql/indicators-front/src/components/AgeBoundInput.tsx": {"path":"/home/ander/Documents/reportes-sql/indicators-front/src/components/AgeBoundInput.tsx","all":false,"statementMap":{"0":{"start":{"line":1,"column":0},"end":{"line":1,"column":42}},"17":{"start":{"line":18,"column":0},"end":{"line":18,"column":22}},"18":{"start":{"line":19,"column":0},"end":{"line":19,"column":44}},"19":{"start":{"line":20,"column":0},"end":{"line":20,"column":46}},"20":{"start":{"line":21,"column":0},"end":{"line":21,"column":45}},"21":{"start":{"line":22,"column":0},"end":{"line":22,"column":2}},"23":{"start":{"line":24,"column":0},"end":{"line":24,"column":39}},"24":{"start":{"line":25,"column":0},"end":{"line":25,"column":8}},"25":{"start":{"line":26,"column":0},"end":{"line":26,"column":7}},"26":{"start":{"line":27,"column":0},"end":{"line":27,"column":8}},"27":{"start":{"line":28,"column":0},"end":{"line":28,"column":15}},"28":{"start":{"line":29,"column":0},"end":{"line":29,"column":16}},"29":{"start":{"line":30,"column":0},"end":{"line":30,"column":8}},"30":{"start":{"line":31,"column":0},"end":{"line":31,"column":38}},"31":{"start":{"line":32,"column":0},"end":{"line":32,"column":64}},"32":{"start":{"line":33,"column":0},"end":{"line":33,"column":97}},"33":{"start":{"line":34,"column":0},"end":{"line":34,"column":39}},"35":{"start":{"line":36,"column":0},"end":{"line":36,"column":10}},"36":{"start":{"line":37,"column":0},"end":{"line":37,"column":31}},"37":{"start":{"line":38,"column":0},"end":{"line":38,"column":46}},"38":{"start":{"line":39,"column":0},"end":{"line":39,"column":57}},"39":{"start":{"line":40,"column":0},"end":{"line":40,"column":24}},"40":{"start":{"line":41,"column":0},"end":{"line":41,"column":43}},"41":{"start":{"line":42,"column":0},"end":{"line":42,"column":32}},"42":{"start":{"line":43,"column":0},"end":{"line":43,"column":22}},"43":{"start":{"line":44,"column":0},"end":{"line":44,"column":33}},"44":{"start":{"line":45,"column":0},"end":{"line":45,"column":10}},"45":{"start":{"line":46,"column":0},"end":{"line":46,"column":14}},"46":{"start":{"line":47,"column":0},"end":{"line":47,"column":22}},"47":{"start":{"line":48,"column":0},"end":{"line":48,"column":23}},"48":{"start":{"line":49,"column":0},"end":{"line":49,"column":17}},"49":{"start":{"line":50,"column":0},"end":{"line":50,"column":29}},"50":{"start":{"line":51,"column":0},"end":{"line":51,"column":65}},"51":{"start":{"line":52,"column":0},"end":{"line":52,"column":26}},"52":{"start":{"line":53,"column":0},"end":{"line":53,"column":49}},"53":{"start":{"line":54,"column":0},"end":{"line":54,"column":25}},"54":{"start":{"line":55,"column":0},"end":{"line":55,"column":10}},"55":{"start":{"line":56,"column":0},"end":{"line":56,"column":12}},"56":{"start":{"line":57,"column":0},"end":{"line":57,"column":104}},"57":{"start":{"line":58,"column":0},"end":{"line":58,"column":17}},"58":{"start":{"line":59,"column":0},"end":{"line":59,"column":68}},"60":{"start":{"line":61,"column":0},"end":{"line":61,"column":10}},"62":{"start":{"line":63,"column":0},"end":{"line":63,"column":1}}},"s":{"0":1,"17":1,"18":1,"19":1,"20":1,"21":1,"23":194,"24":194,"25":194,"26":194,"27":194,"28":194,"29":194,"30":194,"31":194,"32":194,"33":194,"35":194,"36":194,"37":194,"38":194,"39":194,"40":194,"41":194,"42":194,"43":194,"44":194,"45":194,"46":194,"47":194,"48":194,"49":194,"50":194,"51":194,"52":194,"53":194,"54":194,"55":194,"56":194,"57":194,"58":4,"60":194,"62":194},"branchMap":{"0":{"type":"branch","line":24,"loc":{"start":{"line":24,"column":0},"end":{"line":63,"column":1}},"locations":[{"start":{"line":24,"column":0},"end":{"line":63,"column":1}}]},"1":{"type":"branch","line":32,"loc":{"start":{"line":32,"column":26},"end":{"line":32,"column":50}},"locations":[{"start":{"line":32,"column":26},"end":{"line":32,"column":50}}]},"2":{"type":"branch","line":32,"loc":{"start":{"line":32,"column":34},"end":{"line":32,"column":64}},"locations":[{"start":{"line":32,"column":34},"end":{"line":32,"column":64}}]},"3":{"type":"branch","line":33,"loc":{"start":{"line":33,"column":27},"end":{"line":33,"column":67}},"locations":[{"start":{"line":33,"column":27},"end":{"line":33,"column":67}}]},"4":{"type":"branch","line":33,"loc":{"start":{"line":33,"column":35},"end":{"line":33,"column":97}},"locations":[{"start":{"line":33,"column":35},"end":{"line":33,"column":97}}]},"5":{"type":"branch","line":50,"loc":{"start":{"line":50,"column":17},"end":{"line":50,"column":29}},"locations":[{"start":{"line":50,"column":17},"end":{"line":50,"column":29}}]},"6":{"type":"branch","line":53,"loc":{"start":{"line":53,"column":24},"end":{"line":53,"column":41}},"locations":[{"start":{"line":53,"column":24},"end":{"line":53,"column":41}}]},"7":{"type":"branch","line":53,"loc":{"start":{"line":53,"column":32},"end":{"line":53,"column":49}},"locations":[{"start":{"line":53,"column":32},"end":{"line":53,"column":49}}]},"8":{"type":"branch","line":57,"loc":{"start":{"line":57,"column":62},"end":{"line":57,"column":97}},"locations":[{"start":{"line":57,"column":62},"end":{"line":57,"column":97}}]},"9":{"type":"branch","line":57,"loc":{"start":{"line":57,"column":70},"end":{"line":57,"column":100}},"locations":[{"start":{"line":57,"column":70},"end":{"line":57,"column":100}}]},"10":{"type":"branch","line":58,"loc":{"start":{"line":58,"column":7},"end":{"line":59,"column":68}},"locations":[{"start":{"line":58,"column":7},"end":{"line":59,"column":68}}]},"11":{"type":"branch","line":51,"loc":{"start":{"line":51,"column":20},"end":{"line":51,"column":65}},"locations":[{"start":{"line":51,"column":20},"end":{"line":51,"column":65}}]}},"b":{"0":[194],"1":[97],"2":[97],"3":[97],"4":[97],"5":[0],"6":[4],"7":[190],"8":[97],"9":[97],"10":[4],"11":[3]},"fnMap":{"0":{"name":"AgeBoundInput","decl":{"start":{"line":24,"column":0},"end":{"line":63,"column":1}},"loc":{"start":{"line":24,"column":0},"end":{"line":63,"column":1}},"line":24},"1":{"name":"onChange","decl":{"start":{"line":51,"column":20},"end":{"line":51,"column":65}},"loc":{"start":{"line":51,"column":20},"end":{"line":51,"column":65}},"line":51}},"f":{"0":194,"1":3}}
,"/home/ander/Documents/reportes-sql/indicators-front/src/components/ConfirmDialog.tsx": {"path":"/home/ander/Documents/reportes-sql/indicators-front/src/components/ConfirmDialog.tsx","all":false,"statementMap":{"0":{"start":{"line":1,"column":0},"end":{"line":1,"column":3}},"36":{"start":{"line":37,"column":0},"end":{"line":37,"column":39}},"37":{"start":{"line":38,"column":0},"end":{"line":38,"column":9}},"38":{"start":{"line":39,"column":0},"end":{"line":39,"column":8}},"39":{"start":{"line":40,"column":0},"end":{"line":40,"column":10}},"40":{"start":{"line":41,"column":0},"end":{"line":41,"column":12}},"41":{"start":{"line":42,"column":0},"end":{"line":42,"column":11}},"42":{"start":{"line":43,"column":0},"end":{"line":43,"column":20}},"43":{"start":{"line":44,"column":0},"end":{"line":44,"column":28}},"44":{"start":{"line":45,"column":0},"end":{"line":45,"column":27}},"45":{"start":{"line":46,"column":0},"end":{"line":46,"column":15}},"46":{"start":{"line":47,"column":0},"end":{"line":47,"column":45}},"47":{"start":{"line":48,"column":0},"end":{"line":48,"column":36}},"48":{"start":{"line":49,"column":0},"end":{"line":49,"column":31}},"49":{"start":{"line":50,"column":0},"end":{"line":50,"column":49}},"50":{"start":{"line":51,"column":0},"end":{"line":51,"column":19}},"51":{"start":{"line":52,"column":0},"end":{"line":52,"column":7}},"52":{"start":{"line":53,"column":0},"end":{"line":53,"column":6}},"53":{"start":{"line":54,"column":0},"end":{"line":54,"column":26}},"54":{"start":{"line":55,"column":0},"end":{"line":55,"column":4}},"56":{"start":{"line":57,"column":0},"end":{"line":57,"column":19}},"57":{"start":{"line":58,"column":0},"end":{"line":58,"column":17}},"58":{"start":{"line":59,"column":0},"end":{"line":59,"column":58}},"59":{"start":{"line":60,"column":0},"end":{"line":60,"column":74}},"60":{"start":{"line":61,"column":0},"end":{"line":61,"column":5}},"61":{"start":{"line":62,"column":0},"end":{"line":62,"column":30}},"63":{"start":{"line":64,"column":0},"end":{"line":64,"column":16}},"64":{"start":{"line":65,"column":0},"end":{"line":65,"column":16}},"65":{"start":{"line":66,"column":0},"end":{"line":66,"column":3}},"67":{"start":{"line":68,"column":0},"end":{"line":68,"column":10}},"68":{"start":{"line":69,"column":0},"end":{"line":69,"column":8}},"69":{"start":{"line":70,"column":0},"end":{"line":70,"column":69}},"70":{"start":{"line":71,"column":0},"end":{"line":71,"column":19}},"71":{"start":{"line":72,"column":0},"end":{"line":72,"column":23}},"72":{"start":{"line":73,"column":0},"end":{"line":73,"column":44}},"73":{"start":{"line":74,"column":0},"end":{"line":74,"column":47}},"76":{"start":{"line":77,"column":0},"end":{"line":77,"column":10}},"77":{"start":{"line":78,"column":0},"end":{"line":78,"column":64}},"78":{"start":{"line":79,"column":0},"end":{"line":79,"column":50}},"79":{"start":{"line":80,"column":0},"end":{"line":80,"column":26}},"80":{"start":{"line":81,"column":0},"end":{"line":81,"column":8}},"83":{"start":{"line":84,"column":0},"end":{"line":84,"column":87}},"84":{"start":{"line":85,"column":0},"end":{"line":85,"column":11}},"85":{"start":{"line":86,"column":0},"end":{"line":86,"column":35}},"86":{"start":{"line":87,"column":0},"end":{"line":87,"column":57}},"88":{"start":{"line":89,"column":0},"end":{"line":89,"column":17}},"89":{"start":{"line":90,"column":0},"end":{"line":90,"column":13}},"90":{"start":{"line":91,"column":0},"end":{"line":91,"column":78}},"91":{"start":{"line":92,"column":0},"end":{"line":92,"column":19}},"92":{"start":{"line":93,"column":0},"end":{"line":93,"column":12}},"94":{"start":{"line":95,"column":0},"end":{"line":95,"column":19}},"95":{"start":{"line":96,"column":0},"end":{"line":96,"column":14}},"96":{"start":{"line":97,"column":0},"end":{"line":97,"column":96}},"97":{"start":{"line":98,"column":0},"end":{"line":98,"column":24}},"99":{"start":{"line":100,"column":0},"end":{"line":100,"column":19}},"100":{"start":{"line":101,"column":0},"end":{"line":101,"column":16}},"103":{"start":{"line":104,"column":0},"end":{"line":104,"column":53}},"104":{"start":{"line":105,"column":0},"end":{"line":105,"column":17}},"105":{"start":{"line":106,"column":0},"end":{"line":106,"column":25}},"106":{"start":{"line":107,"column":0},"end":{"line":107,"column":30}},"107":{"start":{"line":108,"column":0},"end":{"line":108,"column":32}},"108":{"start":{"line":109,"column":0},"end":{"line":109,"column":175}},"110":{"start":{"line":111,"column":0},"end":{"line":111,"column":25}},"111":{"start":{"line":112,"column":0},"end":{"line":112,"column":19}},"112":{"start":{"line":113,"column":0},"end":{"line":113,"column":17}},"113":{"start":{"line":114,"column":0},"end":{"line":114,"column":25}},"114":{"start":{"line":115,"column":0},"end":{"line":115,"column":31}},"115":{"start":{"line":116,"column":0},"end":{"line":116,"column":32}},"116":{"start":{"line":117,"column":0},"end":{"line":117,"column":222}},"118":{"start":{"line":119,"column":0},"end":{"line":119,"column":54}},"119":{"start":{"line":120,"column":0},"end":{"line":120,"column":19}},"120":{"start":{"line":121,"column":0},"end":{"line":121,"column":14}},"121":{"start":{"line":122,"column":0},"end":{"line":122,"column":12}},"122":{"start":{"line":123,"column":0},"end":{"line":123,"column":10}},"124":{"start":{"line":125,"column":0},"end":{"line":125,"column":1}}},"s":{"0":1,"36":16,"37":16,"38":16,"39":16,"40":16,"41":16,"42":16,"43":16,"44":16,"45":16,"46":16,"47":16,"48":16,"49":0,"50":0,"51":0,"52":0,"53":16,"54":16,"56":16,"57":15,"58":3,"59":3,"60":3,"61":16,"63":16,"64":12,"65":12,"67":3,"68":3,"69":3,"70":3,"71":3,"72":3,"73":3,"76":3,"77":3,"78":16,"79":16,"80":16,"83":16,"84":16,"85":16,"86":16,"88":16,"89":16,"90":16,"91":16,"92":16,"94":16,"95":1,"96":1,"97":1,"99":1,"100":1,"103":16,"104":16,"105":16,"106":16,"107":16,"108":16,"110":16,"111":16,"112":16,"113":16,"114":16,"115":16,"116":16,"118":16,"119":16,"120":16,"121":16,"122":16,"124":16},"branchMap":{"0":{"type":"branch","line":37,"loc":{"start":{"line":37,"column":0},"end":{"line":125,"column":1}},"locations":[{"start":{"line":37,"column":0},"end":{"line":125,"column":1}}]},"1":{"type":"branch","line":64,"loc":{"start":{"line":64,"column":15},"end":{"line":79,"column":29}},"locations":[{"start":{"line":64,"column":15},"end":{"line":79,"column":29}}]},"2":{"type":"branch","line":66,"loc":{"start":{"line":66,"column":2},"end":{"line":79,"column":29}},"locations":[{"start":{"line":66,"column":2},"end":{"line":79,"column":29}}]},"3":{"type":"branch","line":79,"loc":{"start":{"line":79,"column":17},"end":{"line":79,"column":41}},"locations":[{"start":{"line":79,"column":17},"end":{"line":79,"column":41}}]},"4":{"type":"branch","line":79,"loc":{"start":{"line":79,"column":29},"end":{"line":79,"column":50}},"locations":[{"start":{"line":79,"column":29},"end":{"line":79,"column":50}}]},"5":{"type":"branch","line":95,"loc":{"start":{"line":95,"column":9},"end":{"line":101,"column":16}},"locations":[{"start":{"line":95,"column":9},"end":{"line":101,"column":16}}]},"6":{"type":"branch","line":119,"loc":{"start":{"line":119,"column":13},"end":{"line":119,"column":41}},"locations":[{"start":{"line":119,"column":13},"end":{"line":119,"column":41}}]},"7":{"type":"branch","line":119,"loc":{"start":{"line":119,"column":25},"end":{"line":119,"column":54}},"locations":[{"start":{"line":119,"column":25},"end":{"line":119,"column":54}}]},"8":{"type":"branch","line":57,"loc":{"start":{"line":57,"column":12},"end":{"line":62,"column":5}},"locations":[{"start":{"line":57,"column":12},"end":{"line":62,"column":5}}]},"9":{"type":"branch","line":58,"loc":{"start":{"line":58,"column":16},"end":{"line":61,"column":5}},"locations":[{"start":{"line":58,"column":16},"end":{"line":61,"column":5}}]},"10":{"type":"branch","line":60,"loc":{"start":{"line":60,"column":13},"end":{"line":60,"column":74}},"locations":[{"start":{"line":60,"column":13},"end":{"line":60,"column":74}}]}},"b":{"0":[16],"1":[12],"2":[3],"3":[1],"4":[2],"5":[1],"6":[1],"7":[2],"8":[15],"9":[3],"10":[3]},"fnMap":{"0":{"name":"ConfirmDialog","decl":{"start":{"line":37,"column":0},"end":{"line":125,"column":1}},"loc":{"start":{"line":37,"column":0},"end":{"line":125,"column":1}},"line":37}},"f":{"0":16}}
,"/home/ander/Documents/reportes-sql/indicators-front/src/components/DefinicionView.tsx": {"path":"/home/ander/Documents/reportes-sql/indicators-front/src/components/DefinicionView.tsx","all":false,"statementMap":{"0":{"start":{"line":1,"column":0},"end":{"line":1,"column":3}},"13":{"start":{"line":14,"column":0},"end":{"line":14,"column":45}},"14":{"start":{"line":15,"column":0},"end":{"line":15,"column":44}},"15":{"start":{"line":16,"column":0},"end":{"line":16,"column":42}},"16":{"start":{"line":17,"column":0},"end":{"line":17,"column":27}},"17":{"start":{"line":18,"column":0},"end":{"line":18,"column":2}},"19":{"start":{"line":20,"column":0},"end":{"line":20,"column":48}},"20":{"start":{"line":21,"column":0},"end":{"line":21,"column":27}},"21":{"start":{"line":22,"column":0},"end":{"line":22,"column":31}},"22":{"start":{"line":23,"column":0},"end":{"line":23,"column":33}},"23":{"start":{"line":24,"column":0},"end":{"line":24,"column":37}},"24":{"start":{"line":25,"column":0},"end":{"line":25,"column":2}},"26":{"start":{"line":27,"column":0},"end":{"line":27,"column":45}},"27":{"start":{"line":28,"column":0},"end":{"line":28,"column":17}},"28":{"start":{"line":29,"column":0},"end":{"line":29,"column":16}},"29":{"start":{"line":30,"column":0},"end":{"line":30,"column":2}},"31":{"start":{"line":32,"column":0},"end":{"line":32,"column":50}},"32":{"start":{"line":33,"column":0},"end":{"line":33,"column":27}},"33":{"start":{"line":34,"column":0},"end":{"line":34,"column":27}},"34":{"start":{"line":35,"column":0},"end":{"line":35,"column":2}},"38":{"start":{"line":39,"column":0},"end":{"line":39,"column":28}},"39":{"start":{"line":40,"column":0},"end":{"line":40,"column":26}},"40":{"start":{"line":41,"column":0},"end":{"line":41,"column":26}},"41":{"start":{"line":42,"column":0},"end":{"line":42,"column":15}},"42":{"start":{"line":43,"column":0},"end":{"line":43,"column":32}},"43":{"start":{"line":44,"column":0},"end":{"line":44,"column":18}},"44":{"start":{"line":45,"column":0},"end":{"line":45,"column":58}},"45":{"start":{"line":46,"column":0},"end":{"line":46,"column":58}},"46":{"start":{"line":47,"column":0},"end":{"line":47,"column":47}},"47":{"start":{"line":48,"column":0},"end":{"line":48,"column":54}},"48":{"start":{"line":49,"column":0},"end":{"line":49,"column":3}},"49":{"start":{"line":50,"column":0},"end":{"line":50,"column":55}},"50":{"start":{"line":51,"column":0},"end":{"line":51,"column":35}},"51":{"start":{"line":52,"column":0},"end":{"line":52,"column":1}},"59":{"start":{"line":60,"column":0},"end":{"line":60,"column":91}},"60":{"start":{"line":61,"column":0},"end":{"line":61,"column":68}},"61":{"start":{"line":62,"column":0},"end":{"line":62,"column":80}},"64":{"start":{"line":65,"column":0},"end":{"line":65,"column":35}},"65":{"start":{"line":66,"column":0},"end":{"line":66,"column":32}},"67":{"start":{"line":68,"column":0},"end":{"line":68,"column":12}},"68":{"start":{"line":69,"column":0},"end":{"line":69,"column":86}},"69":{"start":{"line":70,"column":0},"end":{"line":70,"column":87}},"70":{"start":{"line":71,"column":0},"end":{"line":71,"column":79}},"72":{"start":{"line":73,"column":0},"end":{"line":73,"column":36}},"73":{"start":{"line":74,"column":0},"end":{"line":74,"column":36}},"74":{"start":{"line":75,"column":0},"end":{"line":75,"column":34}},"75":{"start":{"line":76,"column":0},"end":{"line":76,"column":3}},"77":{"start":{"line":78,"column":0},"end":{"line":78,"column":80}},"78":{"start":{"line":79,"column":0},"end":{"line":79,"column":71}},"81":{"start":{"line":82,"column":0},"end":{"line":82,"column":31}},"83":{"start":{"line":84,"column":0},"end":{"line":84,"column":10}},"84":{"start":{"line":85,"column":0},"end":{"line":85,"column":53}},"86":{"start":{"line":87,"column":0},"end":{"line":87,"column":47}},"87":{"start":{"line":88,"column":0},"end":{"line":88,"column":22}},"88":{"start":{"line":89,"column":0},"end":{"line":89,"column":15}},"89":{"start":{"line":90,"column":0},"end":{"line":90,"column":31}},"90":{"start":{"line":91,"column":0},"end":{"line":91,"column":10}},"93":{"start":{"line":94,"column":0},"end":{"line":94,"column":11}},"94":{"start":{"line":95,"column":0},"end":{"line":95,"column":65}},"95":{"start":{"line":96,"column":0},"end":{"line":96,"column":68}},"96":{"start":{"line":97,"column":0},"end":{"line":97,"column":60}},"97":{"start":{"line":98,"column":0},"end":{"line":98,"column":46}},"98":{"start":{"line":99,"column":0},"end":{"line":99,"column":59}},"99":{"start":{"line":100,"column":0},"end":{"line":100,"column":65}},"100":{"start":{"line":101,"column":0},"end":{"line":101,"column":19}},"101":{"start":{"line":102,"column":0},"end":{"line":102,"column":15}},"102":{"start":{"line":103,"column":0},"end":{"line":103,"column":15}},"104":{"start":{"line":105,"column":0},"end":{"line":105,"column":67}},"106":{"start":{"line":107,"column":0},"end":{"line":107,"column":70}},"107":{"start":{"line":108,"column":0},"end":{"line":108,"column":44}},"108":{"start":{"line":109,"column":0},"end":{"line":109,"column":57}},"109":{"start":{"line":110,"column":0},"end":{"line":110,"column":14}},"111":{"start":{"line":112,"column":0},"end":{"line":112,"column":12}},"114":{"start":{"line":115,"column":0},"end":{"line":115,"column":63}},"115":{"start":{"line":116,"column":0},"end":{"line":116,"column":13}},"116":{"start":{"line":117,"column":0},"end":{"line":117,"column":71}},"117":{"start":{"line":118,"column":0},"end":{"line":118,"column":60}},"118":{"start":{"line":119,"column":0},"end":{"line":119,"column":49}},"119":{"start":{"line":120,"column":0},"end":{"line":120,"column":28}},"120":{"start":{"line":121,"column":0},"end":{"line":121,"column":74}},"121":{"start":{"line":122,"column":0},"end":{"line":122,"column":54}},"122":{"start":{"line":123,"column":0},"end":{"line":123,"column":40}},"123":{"start":{"line":124,"column":0},"end":{"line":124,"column":75}},"124":{"start":{"line":125,"column":0},"end":{"line":125,"column":34}},"125":{"start":{"line":126,"column":0},"end":{"line":126,"column":25}},"127":{"start":{"line":128,"column":0},"end":{"line":128,"column":69}},"129":{"start":{"line":130,"column":0},"end":{"line":130,"column":43}},"130":{"start":{"line":131,"column":0},"end":{"line":131,"column":41}},"131":{"start":{"line":132,"column":0},"end":{"line":132,"column":88}},"132":{"start":{"line":133,"column":0},"end":{"line":133,"column":25}},"134":{"start":{"line":135,"column":0},"end":{"line":135,"column":19}},"135":{"start":{"line":136,"column":0},"end":{"line":136,"column":15}},"136":{"start":{"line":137,"column":0},"end":{"line":137,"column":15}},"137":{"start":{"line":138,"column":0},"end":{"line":138,"column":14}},"141":{"start":{"line":142,"column":0},"end":{"line":142,"column":53}},"142":{"start":{"line":143,"column":0},"end":{"line":143,"column":13}},"143":{"start":{"line":144,"column":0},"end":{"line":144,"column":77}},"144":{"start":{"line":145,"column":0},"end":{"line":145,"column":60}},"145":{"start":{"line":146,"column":0},"end":{"line":146,"column":43}},"146":{"start":{"line":147,"column":0},"end":{"line":147,"column":58}},"147":{"start":{"line":148,"column":0},"end":{"line":148,"column":45}},"148":{"start":{"line":149,"column":0},"end":{"line":149,"column":55}},"149":{"start":{"line":150,"column":0},"end":{"line":150,"column":38}},"150":{"start":{"line":151,"column":0},"end":{"line":151,"column":19}},"151":{"start":{"line":152,"column":0},"end":{"line":152,"column":15}},"152":{"start":{"line":153,"column":0},"end":{"line":153,"column":15}},"153":{"start":{"line":154,"column":0},"end":{"line":154,"column":14}},"157":{"start":{"line":158,"column":0},"end":{"line":158,"column":24}},"158":{"start":{"line":159,"column":0},"end":{"line":159,"column":13}},"159":{"start":{"line":160,"column":0},"end":{"line":160,"column":68}},"160":{"start":{"line":161,"column":0},"end":{"line":161,"column":60}},"161":{"start":{"line":162,"column":0},"end":{"line":162,"column":37}},"162":{"start":{"line":163,"column":0},"end":{"line":163,"column":40}},"163":{"start":{"line":164,"column":0},"end":{"line":164,"column":15}},"164":{"start":{"line":165,"column":0},"end":{"line":165,"column":53}},"165":{"start":{"line":166,"column":0},"end":{"line":166,"column":15}},"166":{"start":{"line":167,"column":0},"end":{"line":167,"column":14}},"168":{"start":{"line":169,"column":0},"end":{"line":169,"column":49}},"169":{"start":{"line":170,"column":0},"end":{"line":170,"column":28}},"170":{"start":{"line":171,"column":0},"end":{"line":171,"column":85}},"171":{"start":{"line":172,"column":0},"end":{"line":172,"column":12}},"173":{"start":{"line":174,"column":0},"end":{"line":174,"column":10}},"175":{"start":{"line":176,"column":0},"end":{"line":176,"column":1}}},"s":{"0":1,"13":1,"14":1,"15":1,"16":1,"17":1,"19":1,"20":1,"21":1,"22":1,"23":1,"24":1,"26":1,"27":1,"28":1,"29":1,"31":1,"32":1,"33":1,"34":1,"38":51,"39":51,"40":51,"41":51,"42":51,"43":51,"44":51,"45":51,"46":51,"47":3,"48":3,"49":51,"50":11,"51":11,"59":18,"60":18,"61":18,"64":18,"65":18,"67":18,"68":17,"69":17,"70":17,"72":17,"73":17,"74":17,"75":17,"77":18,"78":18,"81":18,"83":18,"84":18,"86":18,"87":18,"88":18,"89":18,"90":18,"93":18,"94":18,"95":18,"96":2,"97":2,"98":3,"99":3,"100":3,"101":2,"102":2,"104":16,"106":18,"107":1,"108":1,"109":1,"111":18,"114":18,"115":1,"116":1,"117":1,"118":1,"119":1,"120":1,"121":1,"122":1,"123":1,"124":1,"125":1,"127":0,"129":1,"130":1,"131":1,"132":1,"134":1,"135":1,"136":1,"137":1,"141":18,"142":1,"143":1,"144":1,"145":1,"146":2,"147":2,"148":2,"149":0,"150":2,"151":1,"152":1,"153":1,"157":18,"158":17,"159":17,"160":17,"161":17,"162":26,"163":17,"164":17,"165":17,"166":17,"168":1,"169":1,"170":1,"171":1,"173":18,"175":18},"branchMap":{"0":{"type":"branch","line":39,"loc":{"start":{"line":39,"column":0},"end":{"line":52,"column":1}},"locations":[{"start":{"line":39,"column":0},"end":{"line":52,"column":1}}]},"1":{"type":"branch","line":45,"loc":{"start":{"line":45,"column":18},"end":{"line":45,"column":53}},"locations":[{"start":{"line":45,"column":18},"end":{"line":45,"column":53}}]},"2":{"type":"branch","line":45,"loc":{"start":{"line":45,"column":40},"end":{"line":45,"column":58}},"locations":[{"start":{"line":45,"column":40},"end":{"line":45,"column":58}}]},"3":{"type":"branch","line":46,"loc":{"start":{"line":46,"column":14},"end":{"line":46,"column":46}},"locations":[{"start":{"line":46,"column":14},"end":{"line":46,"column":46}}]},"4":{"type":"branch","line":46,"loc":{"start":{"line":46,"column":46},"end":{"line":46,"column":58}},"locations":[{"start":{"line":46,"column":46},"end":{"line":46,"column":58}}]},"5":{"type":"branch","line":46,"loc":{"start":{"line":46,"column":53},"end":{"line":47,"column":27}},"locations":[{"start":{"line":46,"column":53},"end":{"line":47,"column":27}}]},"6":{"type":"branch","line":47,"loc":{"start":{"line":47,"column":14},"end":{"line":47,"column":46}},"locations":[{"start":{"line":47,"column":14},"end":{"line":47,"column":46}}]},"7":{"type":"branch","line":47,"loc":{"start":{"line":47,"column":46},"end":{"line":49,"column":3}},"locations":[{"start":{"line":47,"column":46},"end":{"line":49,"column":3}}]},"8":{"type":"branch","line":49,"loc":{"start":{"line":49,"column":2},"end":{"line":50,"column":32}},"locations":[{"start":{"line":49,"column":2},"end":{"line":50,"column":32}}]},"9":{"type":"branch","line":50,"loc":{"start":{"line":50,"column":25},"end":{"line":52,"column":1}},"locations":[{"start":{"line":50,"column":25},"end":{"line":52,"column":1}}]},"10":{"type":"branch","line":50,"loc":{"start":{"line":50,"column":25},"end":{"line":50,"column":55}},"locations":[{"start":{"line":50,"column":25},"end":{"line":50,"column":55}}]},"11":{"type":"branch","line":50,"loc":{"start":{"line":50,"column":52},"end":{"line":52,"column":1}},"locations":[{"start":{"line":50,"column":52},"end":{"line":52,"column":1}}]},"12":{"type":"branch","line":60,"loc":{"start":{"line":60,"column":0},"end":{"line":176,"column":1}},"locations":[{"start":{"line":60,"column":0},"end":{"line":176,"column":1}}]},"13":{"type":"branch","line":61,"loc":{"start":{"line":61,"column":47},"end":{"line":61,"column":68}},"locations":[{"start":{"line":61,"column":47},"end":{"line":61,"column":68}}]},"14":{"type":"branch","line":62,"loc":{"start":{"line":62,"column":56},"end":{"line":62,"column":80}},"locations":[{"start":{"line":62,"column":56},"end":{"line":62,"column":80}}]},"15":{"type":"branch","line":68,"loc":{"start":{"line":68,"column":11},"end":{"line":76,"column":3}},"locations":[{"start":{"line":68,"column":11},"end":{"line":76,"column":3}}]},"16":{"type":"branch","line":73,"loc":{"start":{"line":73,"column":15},"end":{"line":73,"column":36}},"locations":[{"start":{"line":73,"column":15},"end":{"line":73,"column":36}}]},"17":{"type":"branch","line":74,"loc":{"start":{"line":74,"column":15},"end":{"line":74,"column":36}},"locations":[{"start":{"line":74,"column":15},"end":{"line":74,"column":36}}]},"18":{"type":"branch","line":75,"loc":{"start":{"line":75,"column":14},"end":{"line":75,"column":34}},"locations":[{"start":{"line":75,"column":14},"end":{"line":75,"column":34}}]},"19":{"type":"branch","line":78,"loc":{"start":{"line":78,"column":20},"end":{"line":78,"column":33}},"locations":[{"start":{"line":78,"column":20},"end":{"line":78,"column":33}}]},"20":{"type":"branch","line":78,"loc":{"start":{"line":78,"column":25},"end":{"line":78,"column":70}},"locations":[{"start":{"line":78,"column":25},"end":{"line":78,"column":70}}]},"21":{"type":"branch","line":78,"loc":{"start":{"line":78,"column":53},"end":{"line":78,"column":70}},"locations":[{"start":{"line":78,"column":53},"end":{"line":78,"column":70}}]},"22":{"type":"branch","line":78,"loc":{"start":{"line":78,"column":62},"end":{"line":78,"column":80}},"locations":[{"start":{"line":78,"column":62},"end":{"line":78,"column":80}}]},"23":{"type":"branch","line":79,"loc":{"start":{"line":79,"column":42},"end":{"line":79,"column":71}},"locations":[{"start":{"line":79,"column":42},"end":{"line":79,"column":71}}]},"24":{"type":"branch","line":96,"loc":{"start":{"line":96,"column":9},"end":{"line":96,"column":36}},"locations":[{"start":{"line":96,"column":9},"end":{"line":96,"column":36}}]},"25":{"type":"branch","line":96,"loc":{"start":{"line":96,"column":18},"end":{"line":96,"column":68}},"locations":[{"start":{"line":96,"column":18},"end":{"line":96,"column":68}}]},"26":{"type":"branch","line":96,"loc":{"start":{"line":96,"column":63},"end":{"line":103,"column":15}},"locations":[{"start":{"line":96,"column":63},"end":{"line":103,"column":15}}]},"27":{"type":"branch","line":103,"loc":{"start":{"line":103,"column":10},"end":{"line":105,"column":67}},"locations":[{"start":{"line":103,"column":10},"end":{"line":105,"column":67}}]},"28":{"type":"branch","line":107,"loc":{"start":{"line":107,"column":9},"end":{"line":107,"column":40}},"locations":[{"start":{"line":107,"column":9},"end":{"line":107,"column":40}}]},"29":{"type":"branch","line":107,"loc":{"start":{"line":107,"column":18},"end":{"line":107,"column":70}},"locations":[{"start":{"line":107,"column":18},"end":{"line":107,"column":70}}]},"30":{"type":"branch","line":107,"loc":{"start":{"line":107,"column":64},"end":{"line":110,"column":14}},"locations":[{"start":{"line":107,"column":64},"end":{"line":110,"column":14}}]},"31":{"type":"branch","line":115,"loc":{"start":{"line":115,"column":7},"end":{"line":115,"column":32}},"locations":[{"start":{"line":115,"column":7},"end":{"line":115,"column":32}}]},"32":{"type":"branch","line":115,"loc":{"start":{"line":115,"column":16},"end":{"line":115,"column":63}},"locations":[{"start":{"line":115,"column":16},"end":{"line":115,"column":63}}]},"33":{"type":"branch","line":115,"loc":{"start":{"line":115,"column":57},"end":{"line":138,"column":14}},"locations":[{"start":{"line":115,"column":57},"end":{"line":138,"column":14}}]},"34":{"type":"branch","line":142,"loc":{"start":{"line":142,"column":7},"end":{"line":142,"column":27}},"locations":[{"start":{"line":142,"column":7},"end":{"line":142,"column":27}}]},"35":{"type":"branch","line":142,"loc":{"start":{"line":142,"column":16},"end":{"line":142,"column":53}},"locations":[{"start":{"line":142,"column":16},"end":{"line":142,"column":53}}]},"36":{"type":"branch","line":142,"loc":{"start":{"line":142,"column":47},"end":{"line":154,"column":14}},"locations":[{"start":{"line":142,"column":47},"end":{"line":154,"column":14}}]},"37":{"type":"branch","line":158,"loc":{"start":{"line":158,"column":7},"end":{"line":167,"column":14}},"locations":[{"start":{"line":158,"column":7},"end":{"line":167,"column":14}}]},"38":{"type":"branch","line":165,"loc":{"start":{"line":165,"column":13},"end":{"line":165,"column":53}},"locations":[{"start":{"line":165,"column":13},"end":{"line":165,"column":53}}]},"39":{"type":"branch","line":167,"loc":{"start":{"line":167,"column":8},"end":{"line":172,"column":12}},"locations":[{"start":{"line":167,"column":8},"end":{"line":172,"column":12}}]},"40":{"type":"branch","line":98,"loc":{"start":{"line":98,"column":35},"end":{"line":101,"column":19}},"locations":[{"start":{"line":98,"column":35},"end":{"line":101,"column":19}}]},"41":{"type":"branch","line":100,"loc":{"start":{"line":100,"column":54},"end":{"line":100,"column":65}},"locations":[{"start":{"line":100,"column":54},"end":{"line":100,"column":65}}]},"42":{"type":"branch","line":119,"loc":{"start":{"line":119,"column":33},"end":{"line":135,"column":19}},"locations":[{"start":{"line":119,"column":33},"end":{"line":135,"column":19}}]},"43":{"type":"branch","line":126,"loc":{"start":{"line":126,"column":18},"end":{"line":128,"column":69}},"locations":[{"start":{"line":126,"column":18},"end":{"line":128,"column":69}}]},"44":{"type":"branch","line":132,"loc":{"start":{"line":132,"column":60},"end":{"line":132,"column":87}},"locations":[{"start":{"line":132,"column":60},"end":{"line":132,"column":87}}]},"45":{"type":"branch","line":124,"loc":{"start":{"line":124,"column":27},"end":{"line":124,"column":74}},"locations":[{"start":{"line":124,"column":27},"end":{"line":124,"column":74}}]},"46":{"type":"branch","line":124,"loc":{"start":{"line":124,"column":66},"end":{"line":124,"column":74}},"locations":[{"start":{"line":124,"column":66},"end":{"line":124,"column":74}}]},"47":{"type":"branch","line":146,"loc":{"start":{"line":146,"column":28},"end":{"line":151,"column":19}},"locations":[{"start":{"line":146,"column":28},"end":{"line":151,"column":19}}]},"48":{"type":"branch","line":149,"loc":{"start":{"line":149,"column":52},"end":{"line":150,"column":38}},"locations":[{"start":{"line":149,"column":52},"end":{"line":150,"column":38}}]},"49":{"type":"branch","line":162,"loc":{"start":{"line":162,"column":26},"end":{"line":163,"column":40}},"locations":[{"start":{"line":162,"column":26},"end":{"line":163,"column":40}}]}},"b":{"0":[51],"1":[34],"2":[17],"3":[36],"4":[25],"5":[26],"6":[15],"7":[3],"8":[23],"9":[30],"10":[12],"11":[11],"12":[18],"13":[0],"14":[0],"15":[17],"16":[13],"17":[11],"18":[2],"19":[17],"20":[1],"21":[0],"22":[17],"23":[1],"24":[11],"25":[11],"26":[2],"27":[16],"28":[11],"29":[11],"30":[1],"31":[11],"32":[1],"33":[1],"34":[11],"35":[1],"36":[1],"37":[17],"38":[1],"39":[1],"40":[3],"41":[0],"42":[1],"43":[0],"44":[0],"45":[1],"46":[0],"47":[2],"48":[0],"49":[26]},"fnMap":{"0":{"name":"formatAgeDimension","decl":{"start":{"line":39,"column":0},"end":{"line":52,"column":1}},"loc":{"start":{"line":39,"column":0},"end":{"line":52,"column":1}},"line":39},"1":{"name":"DefinicionView","decl":{"start":{"line":60,"column":0},"end":{"line":176,"column":1}},"loc":{"start":{"line":60,"column":0},"end":{"line":176,"column":1}},"line":60}},"f":{"0":51,"1":18}}
,"/home/ander/Documents/reportes-sql/indicators-front/src/components/DiagnosticoSelector.tsx": {"path":"/home/ander/Documents/reportes-sql/indicators-front/src/components/DiagnosticoSelector.tsx","all":false,"statementMap":{"0":{"start":{"line":1,"column":0},"end":{"line":1,"column":71}},"28":{"start":{"line":29,"column":0},"end":{"line":29,"column":44}},"30":{"start":{"line":31,"column":0},"end":{"line":31,"column":76}},"31":{"start":{"line":32,"column":0},"end":{"line":32,"column":53}},"32":{"start":{"line":33,"column":0},"end":{"line":33,"column":57}},"34":{"start":{"line":35,"column":0},"end":{"line":35,"column":15}},"36":{"start":{"line":37,"column":0},"end":{"line":37,"column":80}},"38":{"start":{"line":39,"column":0},"end":{"line":39,"column":55}},"39":{"start":{"line":40,"column":0},"end":{"line":40,"column":47}},"40":{"start":{"line":41,"column":0},"end":{"line":41,"column":54}},"41":{"start":{"line":42,"column":0},"end":{"line":42,"column":36}},"42":{"start":{"line":43,"column":0},"end":{"line":43,"column":35}},"43":{"start":{"line":44,"column":0},"end":{"line":44,"column":38}},"44":{"start":{"line":45,"column":0},"end":{"line":45,"column":20}},"45":{"start":{"line":46,"column":0},"end":{"line":46,"column":9}},"46":{"start":{"line":47,"column":0},"end":{"line":47,"column":5}},"47":{"start":{"line":48,"column":0},"end":{"line":48,"column":4}},"49":{"start":{"line":50,"column":0},"end":{"line":50,"column":42}},"50":{"start":{"line":51,"column":0},"end":{"line":51,"column":60}},"51":{"start":{"line":52,"column":0},"end":{"line":52,"column":34}},"52":{"start":{"line":53,"column":0},"end":{"line":53,"column":33}},"53":{"start":{"line":54,"column":0},"end":{"line":54,"column":24}},"54":{"start":{"line":55,"column":0},"end":{"line":55,"column":18}},"55":{"start":{"line":56,"column":0},"end":{"line":56,"column":7}},"56":{"start":{"line":57,"column":0},"end":{"line":57,"column":4}},"58":{"start":{"line":59,"column":0},"end":{"line":59,"column":10}},"59":{"start":{"line":60,"column":0},"end":{"line":60,"column":24}},"60":{"start":{"line":61,"column":0},"end":{"line":61,"column":35}},"61":{"start":{"line":62,"column":0},"end":{"line":62,"column":39}},"62":{"start":{"line":63,"column":0},"end":{"line":63,"column":29}},"63":{"start":{"line":64,"column":0},"end":{"line":64,"column":29}},"64":{"start":{"line":65,"column":0},"end":{"line":65,"column":6}},"66":{"start":{"line":67,"column":0},"end":{"line":67,"column":1}},"79":{"start":{"line":80,"column":0},"end":{"line":80,"column":30}},"80":{"start":{"line":81,"column":0},"end":{"line":81,"column":16}},"81":{"start":{"line":82,"column":0},"end":{"line":82,"column":18}},"82":{"start":{"line":83,"column":0},"end":{"line":83,"column":11}},"83":{"start":{"line":84,"column":0},"end":{"line":84,"column":11}},"84":{"start":{"line":85,"column":0},"end":{"line":85,"column":44}},"85":{"start":{"line":86,"column":0},"end":{"line":86,"column":43}},"86":{"start":{"line":87,"column":0},"end":{"line":87,"column":42}},"87":{"start":{"line":88,"column":0},"end":{"line":88,"column":50}},"88":{"start":{"line":89,"column":0},"end":{"line":89,"column":83}},"89":{"start":{"line":90,"column":0},"end":{"line":90,"column":50}},"92":{"start":{"line":93,"column":0},"end":{"line":93,"column":19}},"93":{"start":{"line":94,"column":0},"end":{"line":94,"column":52}},"94":{"start":{"line":95,"column":0},"end":{"line":95,"column":10}},"95":{"start":{"line":96,"column":0},"end":{"line":96,"column":29}},"96":{"start":{"line":97,"column":0},"end":{"line":97,"column":58}},"97":{"start":{"line":98,"column":0},"end":{"line":98,"column":9}},"98":{"start":{"line":99,"column":0},"end":{"line":99,"column":23}},"99":{"start":{"line":100,"column":0},"end":{"line":100,"column":7}},"100":{"start":{"line":101,"column":0},"end":{"line":101,"column":5}},"101":{"start":{"line":102,"column":0},"end":{"line":102,"column":63}},"102":{"start":{"line":103,"column":0},"end":{"line":103,"column":79}},"103":{"start":{"line":104,"column":0},"end":{"line":104,"column":9}},"105":{"start":{"line":106,"column":0},"end":{"line":106,"column":22}},"106":{"start":{"line":107,"column":0},"end":{"line":107,"column":46}},"108":{"start":{"line":109,"column":0},"end":{"line":109,"column":73}},"109":{"start":{"line":110,"column":0},"end":{"line":110,"column":30}},"110":{"start":{"line":111,"column":0},"end":{"line":111,"column":18}},"111":{"start":{"line":112,"column":0},"end":{"line":112,"column":4}},"113":{"start":{"line":114,"column":0},"end":{"line":114,"column":34}},"114":{"start":{"line":115,"column":0},"end":{"line":115,"column":44}},"115":{"start":{"line":116,"column":0},"end":{"line":116,"column":20}},"116":{"start":{"line":117,"column":0},"end":{"line":117,"column":5}},"117":{"start":{"line":118,"column":0},"end":{"line":118,"column":4}},"119":{"start":{"line":120,"column":0},"end":{"line":120,"column":63}},"120":{"start":{"line":121,"column":0},"end":{"line":121,"column":21}},"121":{"start":{"line":122,"column":0},"end":{"line":122,"column":18}},"122":{"start":{"line":123,"column":0},"end":{"line":123,"column":19}},"123":{"start":{"line":124,"column":0},"end":{"line":124,"column":4}},"125":{"start":{"line":126,"column":0},"end":{"line":126,"column":10}},"126":{"start":{"line":127,"column":0},"end":{"line":127,"column":63}},"128":{"start":{"line":129,"column":0},"end":{"line":129,"column":32}},"129":{"start":{"line":130,"column":0},"end":{"line":130,"column":14}},"130":{"start":{"line":131,"column":0},"end":{"line":131,"column":21}},"131":{"start":{"line":132,"column":0},"end":{"line":132,"column":43}},"132":{"start":{"line":133,"column":0},"end":{"line":133,"column":24}},"133":{"start":{"line":134,"column":0},"end":{"line":134,"column":38}},"134":{"start":{"line":135,"column":0},"end":{"line":135,"column":36}},"135":{"start":{"line":136,"column":0},"end":{"line":136,"column":41}},"136":{"start":{"line":137,"column":0},"end":{"line":137,"column":38}},"137":{"start":{"line":138,"column":0},"end":{"line":138,"column":34}},"138":{"start":{"line":139,"column":0},"end":{"line":139,"column":25}},"139":{"start":{"line":140,"column":0},"end":{"line":140,"column":10}},"142":{"start":{"line":143,"column":0},"end":{"line":143,"column":26}},"143":{"start":{"line":144,"column":0},"end":{"line":144,"column":14}},"144":{"start":{"line":145,"column":0},"end":{"line":145,"column":26}},"145":{"start":{"line":146,"column":0},"end":{"line":146,"column":145}},"148":{"start":{"line":149,"column":0},"end":{"line":149,"column":27}},"149":{"start":{"line":150,"column":0},"end":{"line":150,"column":41}},"150":{"start":{"line":151,"column":0},"end":{"line":151,"column":65}},"151":{"start":{"line":152,"column":0},"end":{"line":152,"column":20}},"155":{"start":{"line":156,"column":0},"end":{"line":156,"column":39}},"156":{"start":{"line":157,"column":0},"end":{"line":157,"column":41}},"157":{"start":{"line":158,"column":0},"end":{"line":158,"column":27}},"158":{"start":{"line":159,"column":0},"end":{"line":159,"column":27}},"159":{"start":{"line":160,"column":0},"end":{"line":160,"column":68}},"161":{"start":{"line":162,"column":0},"end":{"line":162,"column":18}},"162":{"start":{"line":163,"column":0},"end":{"line":163,"column":20}},"166":{"start":{"line":167,"column":0},"end":{"line":167,"column":69}},"167":{"start":{"line":168,"column":0},"end":{"line":168,"column":73}},"169":{"start":{"line":170,"column":0},"end":{"line":170,"column":18}},"173":{"start":{"line":174,"column":0},"end":{"line":174,"column":26}},"174":{"start":{"line":175,"column":0},"end":{"line":175,"column":25}},"175":{"start":{"line":176,"column":0},"end":{"line":176,"column":21}},"176":{"start":{"line":177,"column":0},"end":{"line":177,"column":32}},"177":{"start":{"line":178,"column":0},"end":{"line":178,"column":36}},"178":{"start":{"line":179,"column":0},"end":{"line":179,"column":23}},"179":{"start":{"line":180,"column":0},"end":{"line":180,"column":35}},"180":{"start":{"line":181,"column":0},"end":{"line":181,"column":31}},"181":{"start":{"line":182,"column":0},"end":{"line":182,"column":31}},"182":{"start":{"line":183,"column":0},"end":{"line":183,"column":69}},"183":{"start":{"line":184,"column":0},"end":{"line":184,"column":64}},"184":{"start":{"line":185,"column":0},"end":{"line":185,"column":62}},"185":{"start":{"line":186,"column":0},"end":{"line":186,"column":144}},"186":{"start":{"line":187,"column":0},"end":{"line":187,"column":55}},"187":{"start":{"line":188,"column":0},"end":{"line":188,"column":65}},"188":{"start":{"line":189,"column":0},"end":{"line":189,"column":54}},"189":{"start":{"line":190,"column":0},"end":{"line":190,"column":21}},"191":{"start":{"line":192,"column":0},"end":{"line":192,"column":37}},"192":{"start":{"line":193,"column":0},"end":{"line":193,"column":135}},"193":{"start":{"line":194,"column":0},"end":{"line":194,"column":37}},"194":{"start":{"line":195,"column":0},"end":{"line":195,"column":27}},"196":{"start":{"line":197,"column":0},"end":{"line":197,"column":75}},"197":{"start":{"line":198,"column":0},"end":{"line":198,"column":59}},"198":{"start":{"line":199,"column":0},"end":{"line":199,"column":77}},"200":
[...]
{"line":665,"column":0},"end":{"line":665,"column":50}},"665":{"start":{"line":666,"column":0},"end":{"line":666,"column":22}},"666":{"start":{"line":667,"column":0},"end":{"line":667,"column":18}},"667":{"start":{"line":668,"column":0},"end":{"line":668,"column":11}},"668":{"start":{"line":669,"column":0},"end":{"line":669,"column":65}},"669":{"start":{"line":670,"column":0},"end":{"line":670,"column":51}},"670":{"start":{"line":671,"column":0},"end":{"line":671,"column":26}},"671":{"start":{"line":672,"column":0},"end":{"line":672,"column":12}},"672":{"start":{"line":673,"column":0},"end":{"line":673,"column":10}},"673":{"start":{"line":674,"column":0},"end":{"line":674,"column":17}},"674":{"start":{"line":675,"column":0},"end":{"line":675,"column":8}},"675":{"start":{"line":676,"column":0},"end":{"line":676,"column":41}},"676":{"start":{"line":677,"column":0},"end":{"line":677,"column":5}},"678":{"start":{"line":679,"column":0},"end":{"line":679,"column":48}},"679":{"start":{"line":680,"column":0},"end":{"line":680,"column":20}},"680":{"start":{"line":681,"column":0},"end":{"line":681,"column":18}},"681":{"start":{"line":682,"column":0},"end":{"line":682,"column":15}},"682":{"start":{"line":683,"column":0},"end":{"line":683,"column":6}},"684":{"start":{"line":685,"column":0},"end":{"line":685,"column":39}},"685":{"start":{"line":686,"column":0},"end":{"line":686,"column":5}},"686":{"start":{"line":687,"column":0},"end":{"line":687,"column":2}}},"s":{"0":1,"11":1,"12":1,"13":1,"14":1,"15":1,"16":1,"17":1,"18":1,"19":1,"20":1,"21":1,"22":1,"23":1,"24":1,"25":1,"26":1,"27":1,"28":1,"29":1,"30":1,"31":1,"32":1,"33":1,"36":1,"37":1,"38":1,"39":1,"40":1,"41":1,"42":1,"43":1,"44":1,"45":1,"46":1,"47":1,"48":1,"49":1,"50":1,"51":1,"52":1,"53":1,"54":1,"55":1,"56":1,"57":1,"58":1,"59":1,"60":1,"61":1,"62":1,"63":1,"64":1,"65":1,"66":1,"67":1,"68":1,"69":1,"70":1,"71":1,"72":1,"73":1,"74":1,"75":1,"76":1,"77":1,"78":1,"79":1,"80":1,"81":1,"82":1,"83":1,"84":1,"85":1,"86":1,"87":1,"88":1,"89":1,"90":1,"91":1,"92":1,"93":1,"94":1,"95":1,"96":1,"97":1,"98":1,"99":1,"100":1,"101":1,"102":1,"103":1,"104":1,"105":1,"111":1,"112":130,"113":130,"114":130,"115":130,"116":130,"117":130,"118":130,"119":130,"120":130,"121":130,"122":130,"123":130,"124":130,"125":130,"126":130,"127":130,"128":130,"129":130,"130":130,"131":130,"132":130,"133":130,"134":130,"135":130,"137":130,"138":130,"139":130,"140":130,"141":130,"142":130,"143":130,"144":130,"145":130,"146":130,"147":130,"148":130,"149":130,"150":130,"151":130,"152":130,"153":130,"154":130,"155":130,"156":130,"157":130,"158":130,"159":130,"160":130,"161":130,"162":130,"163":130,"164":130,"165":130,"166":130,"167":130,"168":130,"169":130,"170":130,"171":130,"172":130,"173":130,"174":130,"175":130,"176":130,"177":130,"178":130,"179":130,"180":130,"181":130,"182":130,"183":130,"184":130,"185":130,"186":130,"187":130,"188":130,"189":130,"190":130,"191":130,"192":130,"193":130,"194":130,"195":130,"196":130,"197":130,"198":130,"199":130,"200":130,"201":130,"202":130,"203":130,"204":130,"205":130,"206":130,"207":130,"209":14,"210":14,"211":14,"212":14,"213":14,"214":14,"215":14,"216":14,"217":14,"219":14,"220":14,"221":14,"222":14,"223":14,"224":14,"225":14,"226":14,"228":1,"235":1,"236":15,"237":15,"238":15,"241":15,"242":1,"243":1,"244":1,"245":1,"246":1,"248":14,"249":14,"250":1,"258":1,"259":11,"261":11,"262":2,"263":2,"264":2,"265":2,"266":2,"268":11,"269":1,"270":1,"271":1,"272":1,"273":1,"275":8,"276":8,"277":8,"280":0,"281":0,"282":0,"283":0,"284":0,"286":0,"287":0,"288":0,"289":0,"290":1,"299":1,"300":3,"301":3,"303":3,"304":0,"305":0,"306":0,"307":0,"308":0,"310":3,"311":1,"312":1,"313":1,"314":1,"315":1,"318":2,"319":2,"320":2,"321":2,"322":2,"323":1,"324":1,"325":1,"326":1,"327":1,"329":1,"330":1,"331":1,"332":1,"333":1,"334":1,"335":1,"336":1,"337":1,"338":1,"339":1,"342":0,"343":0,"344":0,"345":0,"346":0,"347":0,"348":0,"349":0,"350":1,"359":1,"360":0,"366":0,"367":0,"368":0,"369":0,"370":0,"371":0,"373":0,"374":0,"375":0,"376":0,"377":0,"378":0,"380":0,"381":0,"382":0,"383":0,"384":0,"385":0,"386":0,"388":0,"389":0,"390":1,"404":1,"405":0,"406":0,"412":0,"413":0,"414":0,"415":0,"416":0,"417":0,"419":0,"420":0,"421":0,"422":0,"423":0,"424":0,"426":0,"427":0,"428":0,"429":0,"430":0,"431":0,"433":0,"434":0,"435":0,"436":0,"437":0,"438":0,"439":0,"442":0,"443":0,"444":0,"445":0,"446":0,"447":0,"448":0,"449":0,"451":0,"452":0,"453":0,"454":0,"455":0,"456":0,"457":0,"458":0,"459":0,"460":0,"461":0,"462":0,"464":0,"465":0,"466":0,"467":1,"472":1,"473":0,"474":0,"475":0,"476":0,"477":1,"486":1,"487":8,"488":8,"491":8,"492":0,"493":0,"496":8,"497":1,"498":1,"500":7,"501":7,"502":7,"503":7,"504":7,"505":7,"506":7,"507":7,"508":7,"509":7,"510":7,"511":7,"512":7,"513":7,"514":7,"515":7,"518":7,"519":7,"520":7,"521":21,"522":14,"523":7,"525":7,"526":1,"534":1,"535":8,"536":8,"538":8,"539":0,"540":0,"541":0,"542":0,"543":0,"545":8,"546":1,"547":1,"549":7,"550":7,"551":7,"552":7,"553":7,"555":7,"556":7,"557":21,"558":7,"560":7,"561":1,"570":1,"571":4,"574":4,"575":1,"576":1,"577":1,"578":1,"579":1,"582":3,"583":1,"584":1,"585":1,"586":1,"587":1,"589":2,"590":2,"591":2,"592":2,"594":2,"595":1,"603":1,"604":12,"605":12,"606":12,"609":12,"610":1,"611":1,"612":1,"613":1,"614":1,"616":11,"617":11,"618":11,"619":11,"620":11,"621":11,"622":11,"623":11,"624":11,"625":11,"626":11,"627":11,"628":11,"629":11,"630":11,"631":11,"632":11,"633":11,"634":11,"635":11,"636":11,"637":11,"638":11,"639":11,"640":11,"641":11,"642":11,"643":11,"645":11,"646":1,"654":1,"655":3,"656":3,"657":3,"658":3,"659":3,"661":0,"663":3,"664":0,"665":0,"666":0,"667":0,"668":0,"669":0,"670":0,"671":0,"672":0,"673":0,"674":0,"675":0,"676":0,"678":3,"679":3,"680":3,"681":3,"682":3,"684":3,"685":1,"686":1},"branchMap":{"0":{"type":"branch","line":112,"loc":{"start":{"line":112,"column":7},"end":{"line":208,"column":1}},"locations":[{"start":{"line":112,"column":7},"end":{"line":208,"column":1}}]},"1":{"type":"branch","line":210,"loc":{"start":{"line":210,"column":0},"end":{"line":227,"column":1}},"locations":[{"start":{"line":210,"column":0},"end":{"line":227,"column":1}}]},"2":{"type":"branch","line":236,"loc":{"start":{"line":236,"column":28},"end":{"line":251,"column":3}},"locations":[{"start":{"line":236,"column":28},"end":{"line":251,"column":3}}]},"3":{"type":"branch","line":238,"loc":{"start":{"line":238,"column":52},"end":{"line":238,"column":59}},"locations":[{"start":{"line":238,"column":52},"end":{"line":238,"column":59}}]},"4":{"type":"branch","line":239,"loc":{"start":{"line":239,"column":52},"end":{"line":239,"column":60}},"locations":[{"start":{"line":239,"column":52},"end":{"line":239,"column":60}}]},"5":{"type":"branch","line":242,"loc":{"start":{"line":242,"column":22},"end":{"line":247,"column":5}},"locations":[{"start":{"line":242,"column":22},"end":{"line":247,"column":5}}]},"6":{"type":"branch","line":247,"loc":{"start":{"line":247,"column":4},"end":{"line":250,"column":39}},"locations":[{"start":{"line":247,"column":4},"end":{"line":250,"column":39}}]},"7":{"type":"branch","line":259,"loc":{"start":{"line":259,"column":31},"end":{"line":291,"column":3}},"locations":[{"start":{"line":259,"column":31},"end":{"line":291,"column":3}}]},"8":{"type":"branch","line":262,"loc":{"start":{"line":262,"column":55},"end":{"line":267,"column":5}},"locations":[{"start":{"line":262,"column":55},"end":{"line":267,"column":5}}]},"9":{"type":"branch","line":267,"loc":{"start":{"line":267,"column":4},"end":{"line":269,"column":55}},"locations":[{"start":{"line":267,"column":4},"end":{"line":269,"column":55}}]},"10":{"type":"branch","line":269,"loc":{"start":{"line":269,"column":55},"end":{"line":274,"column":5}},"locations":[{"start":{"line":269,"column":55},"end":{"line":274,"column":5}}]},"11":{"type":"branch","line":274,"loc":{"start":{"line":274,"column":4},"end":{"line":278,"column":5}},"locations":[{"start":{"line":274,"column":4},"end":{"line":278,"column":5}}]},"12":{"type":"branch","line":278,"loc":{"start":{"line":278,"column":4},"end":{"line":290,"column":6}},"locations":[{"start":{"line":278,"column":4},"end":{"line":290,"column":6}}]},"13":{"type":"branch","line":300,"loc":{"start":{"line":300,"column":42},"end":{"line":351,"column":3}},"locations":[{"start":{"line":300,"column":42},"end":{"line":351,"column":3}}]},"14":{"type":"branch","line":304,"loc":{"start":{"line":304,"column":55},"end":{"line":309,"column":5}},"locations":[{"start":{"line":304,"column":55},"end":{"line":309,"column":5}}]},"15":{"type":"branch","line":311,"loc":{"start":{"line":311,"column":28},"end":{"line":311,"column":67}},"locations":[{"start":{"line":311,"column":28},"end":{"line":311,"column":67}}]},"16":{"type":"branch","line":311,"loc":{"start":{"line":311,"column":67},"end":{"line":316,"column":5}},"locations":[{"start":{"line":311,"column":67},"end":{"line":316,"column":5}}]},"17":{"type":"branch","line":316,"loc":{"start":{"line":316,"column":4},"end":{"line":340,"column":5}},"locations":[{"start":{"line":316,"column":4},"end":{"line":340,"column":5}}]},"18":{"type":"branch","line":323,"loc":{"start":{"line":323,"column":18},"end":{"line":340,"column":5}},"locations":[{"start":{"line":323,"column":18},"end":{"line":340,"column":5}}]},"19":{"type":"branch","line":340,"loc":{"start":{"line":340,"column":4},"end":{"line":350,"column":58}},"locations":[{"start":{"line":340,"column":4},"end":{"line":350,"column":58}}]},"20":{"type":"branch","line":321,"loc":{"start":{"line":321,"column":8},"end":{"line":321,"column":80}},"locations":[{"start":{"line":321,"column":8},"end":{"line":321,"column":80}}]},"21":{"type":"branch","line":487,"loc":{"start":{"line":487,"column":45},"end":{"line":527,"column":3}},"locations":[{"start":{"line":487,"column":45},"end":{"line":527,"column":3}}]},"22":{"type":"branch","line":489,"loc":{"start":{"line":489,"column":38},"end":{"line":489,"column":46}},"locations":[{"start":{"line":489,"column":38},"end":{"line":489,"column":46}}]},"23":{"type":"branch","line":492,"loc":{"start":{"line":492,"column":37},"end":{"line":494,"column":5}},"locations":[{"start":{"line":492,"column":37},"end":{"line":494,"column":5}}]},"24":{"type":"branch","line":497,"loc":{"start":{"line":497,"column":31},"end":{"line":499,"column":5}},"locations":[{"start":{"line":497,"column":31},"end":{"line":499,"column":5}}]},"25":{"type":"branch","line":499,"loc":{"start":{"line":499,"column":4},"end":{"line":526,"column":39}},"locations":[{"start":{"line":499,"column":4},"end":{"line":526,"column":39}}]},"26":{"type":"branch","line":521,"loc":{"start":{"line":521,"column":6},"end":{"line":523,"column":49}},"locations":[{"start":{"line":521,"column":6},"end":{"line":523,"column":49}}]},"27":{"type":"branch","line":522,"loc":{"start":{"line":522,"column":46},"end":{"line":523,"column":49}},"locations":[{"start":{"line":522,"column":46},"end":{"line":523,"column":49}}]},"28":{"type":"branch","line":523,"loc":{"start":{"line":523,"column":10},"end":{"line":523,"column":30}},"locations":[{"start":{"line":523,"column":10},"end":{"line":523,"column":30}}]},"29":{"type":"branch","line":535,"loc":{"start":{"line":535,"column":35},"end":{"line":562,"column":3}},"locations":[{"start":{"line":535,"column":35},"end":{"line":562,"column":3}}]},"30":{"type":"branch","line":537,"loc":{"start":{"line":537,"column":38},"end":{"line":537,"column":46}},"locations":[{"start":{"line":537,"column":38},"end":{"line":537,"column":46}}]},"31":{"type":"branch","line":539,"loc":{"start":{"line":539,"column":37},"end":{"line":544,"column":5}},"locations":[{"start":{"line":539,"column":37},"end":{"line":544,"column":5}}]},"32":{"type":"branch","line":546,"loc":{"start":{"line":546,"column":31},"end":{"line":548,"column":5}},"locations":[{"start":{"line":546,"column":31},"end":{"line":548,"column":5}}]},"33":{"type":"branch","line":548,"loc":{"start":{"line":548,"column":4},"end":{"line":561,"column":39}},"locations":[{"start":{"line":548,"column":4},"end":{"line":561,"column":39}}]},"34":{"type":"branch","line":557,"loc":{"start":{"line":557,"column":41},"end":{"line":558,"column":49}},"locations":[{"start":{"line":557,"column":41},"end":{"line":558,"column":49}}]},"35":{"type":"branch","line":571,"loc":{"start":{"line":571,"column":34},"end":{"line":596,"column":3}},"locations":[{"start":{"line":571,"column":34},"end":{"line":596,"column":3}}]},"36":{"type":"branch","line":575,"loc":{"start":{"line":575,"column":55},"end":{"line":580,"column":5}},"locations":[{"start":{"line":575,"column":55},"end":{"line":580,"column":5}}]},"37":{"type":"branch","line":580,"loc":{"start":{"line":580,"column":4},"end":{"line":595,"column":51}},"locations":[{"start":{"line":580,"column":4},"end":{"line":595,"column":51}}]},"38":{"type":"branch","line":583,"loc":{"start":{"line":583,"column":55},"end":{"line":588,"column":5}},"locations":[{"start":{"line":583,"column":55},"end":{"line":588,"column":5}}]},"39":{"type":"branch","line":588,"loc":{"start":{"line":588,"column":4},"end":{"line":595,"column":51}},"locations":[{"start":{"line":588,"column":4},"end":{"line":595,"column":51}}]},"40":{"type":"branch","line":590,"loc":{"start":{"line":590,"column":45},"end":{"line":590,"column":67}},"locations":[{"start":{"line":590,"column":45},"end":{"line":590,"column":67}}]},"41":{"type":"branch","line":604,"loc":{"start":{"line":604,"column":27},"end":{"line":647,"column":3}},"locations":[{"start":{"line":604,"column":27},"end":{"line":647,"column":3}}]},"42":{"type":"branch","line":606,"loc":{"start":{"line":606,"column":52},"end":{"line":606,"column":59}},"locations":[{"start":{"line":606,"column":52},"end":{"line":606,"column":59}}]},"43":{"type":"branch","line":607,"loc":{"start":{"line":607,"column":52},"end":{"line":607,"column":60}},"locations":[{"start":{"line":607,"column":52},"end":{"line":607,"column":60}}]},"44":{"type":"branch","line":610,"loc":{"start":{"line":610,"column":22},"end":{"line":615,"column":5}},"locations":[{"start":{"line":610,"column":22},"end":{"line":615,"column":5}}]},"45":{"type":"branch","line":615,"loc":{"start":{"line":615,"column":4},"end":{"line":646,"column":39}},"locations":[{"start":{"line":615,"column":4},"end":{"line":646,"column":39}}]},"46":{"type":"branch","line":655,"loc":{"start":{"line":655,"column":42},"end":{"line":686,"column":3}},"locations":[{"start":{"line":655,"column":42},"end":{"line":686,"column":3}}]},"47":{"type":"branch","line":660,"loc":{"start":{"line":660,"column":4},"end":{"line":662,"column":5}},"locations":[{"start":{"line":660,"column":4},"end":{"line":662,"column":5}}]},"48":{"type":"branch","line":664,"loc":{"start":{"line":664,"column":20},"end":{"line":677,"column":5}},"locations":[{"start":{"line":664,"column":20},"end":{"line":677,"column":5}}]}},"b":{"0":[130],"1":[14],"2":[15],"3":[0],"4":[0],"5":[1],"6":[14],"7":[11],"8":[2],"9":[9],"10":[1],"11":[8],"12":[0],"13":[3],"14":[0],"15":[2],"16":[1],"17":[2],"18":[1],"19":[0],"20":[4],"21":[8],"22":[0],"23":[0],"24":[1],"25":[7],"26":[21],"27":[14],"28":[10],"29":[8],"30":[0],"31":[0],"32":[1],"33":[7],"34":[21],"35":[4],"36":[1],"37":[3],"38":[1],"39":[2],"40":[2],"41":[12],"42":[0],"43":[0],"44":[1],"45":[11],"46":[3],"47":[0],"48":[0]},"fnMap":{"0":{"name":"resetFixtures","decl":{"start":{"line":112,"column":7},"end":{"line":208,"column":1}},"loc":{"start":{"line":112,"column":7},"end":{"line":208,"column":1}},"line":112},"1":{"name":"paginate","decl":{"start":{"line":210,"column":0},"end":{"line":227,"column":1}},"loc":{"start":{"line":210,"column":0},"end":{"line":227,"column":1}},"line":210}},"f":{"0":130,"1":14}}
,"/home/ander/Documents/reportes-sql/indicators-front/src/test/server.ts": {"path":"/home/ander/Documents/reportes-sql/indicators-front/src/test/server.ts","all":false,"statementMap":{"0":{"start":{"line":1,"column":0},"end":{"line":1,"column":3}},"10":{"start":{"line":11,"column":0},"end":{"line":11,"column":47}}},"s":{"0":1,"10":1},"branchMap":{},"b":{},"fnMap":{},"f":{}}
,"/home/ander/Documents/reportes-sql/indicators-front/src/test/utils.tsx": {"path":"/home/ander/Documents/reportes-sql/indicators-front/src/test/utils.tsx","all":false,"statementMap":{"0":{"start":{"line":1,"column":0},"end":{"line":1,"column":3}},"18":{"start":{"line":19,"column":0},"end":{"line":19,"column":54}},"19":{"start":{"line":20,"column":0},"end":{"line":20,"column":26}},"20":{"start":{"line":21,"column":0},"end":{"line":21,"column":21}},"21":{"start":{"line":22,"column":0},"end":{"line":22,"column":16}},"22":{"start":{"line":23,"column":0},"end":{"line":23,"column":21}},"23":{"start":{"line":24,"column":0},"end":{"line":24,"column":8}},"24":{"start":{"line":25,"column":0},"end":{"line":25,"column":18}},"25":{"start":{"line":26,"column":0},"end":{"line":26,"column":21}},"26":{"start":{"line":27,"column":0},"end":{"line":27,"column":8}},"27":{"start":{"line":28,"column":0},"end":{"line":28,"column":6}},"28":{"start":{"line":29,"column":0},"end":{"line":29,"column":5}},"29":{"start":{"line":30,"column":0},"end":{"line":30,"column":1}},"40":{"start":{"line":41,"column":0},"end":{"line":41,"column":72}},"41":{"start":{"line":42,"column":0},"end":{"line":42,"column":46}},"42":{"start":{"line":43,"column":0},"end":{"line":43,"column":10}},"43":{"start":{"line":44,"column":0},"end":{"line":44,"column":78}},"45":{"start":{"line":46,"column":0},"end":{"line":46,"column":1}},"53":{"start":{"line":54,"column":0},"end":{"line":54,"column":73}},"54":{"start":{"line":55,"column":0},"end":{"line":55,"column":49}},"55":{"start":{"line":56,"column":0},"end":{"line":56,"column":1}},"65":{"start":{"line":66,"column":0},"end":{"line":66,"column":72}},"66":{"start":{"line":67,"column":0},"end":{"line":67,"column":46}},"67":{"start":{"line":68,"column":0},"end":{"line":68,"column":69}},"68":{"start":{"line":69,"column":0},"end":{"line":69,"column":12}},"69":{"start":{"line":70,"column":0},"end":{"line":70,"column":48}},"70":{"start":{"line":71,"column":0},"end":{"line":71,"column":18}},"71":{"start":{"line":72,"column":0},"end":{"line":72,"column":28}},"73":{"start":{"line":74,"column":0},"end":{"line":74,"column":4}},"74":{"start":{"line":75,"column":0},"end":{"line":75,"column":1}}},"s":{"0":1,"18":1,"19":25,"20":25,"21":25,"22":25,"23":25,"24":25,"25":25,"26":25,"27":25,"28":25,"29":25,"40":1,"41":0,"42":0,"43":0,"45":0,"53":1,"54":0,"55":0,"65":1,"66":25,"67":25,"68":25,"69":25,"70":25,"71":25,"73":25,"74":25},"branchMap":{"0":{"type":"branch","line":19,"loc":{"start":{"line":19,"column":7},"end":{"line":30,"column":1}},"locations":[{"start":{"line":19,"column":7},"end":{"line":30,"column":1}}]},"1":{"type":"branch","line":66,"loc":{"start":{"line":66,"column":7},"end":{"line":75,"column":1}},"locations":[{"start":{"line":66,"column":7},"end":{"line":75,"column":1}}]},"2":{"type":"branch","line":68,"loc":{"start":{"line":68,"column":9},"end":{"line":74,"column":4}},"locations":[{"start":{"line":68,"column":9},"end":{"line":74,"column":4}}]}},"b":{"0":[25],"1":[25],"2":[25]},"fnMap":{"0":{"name":"createTestQueryClient","decl":{"start":{"line":19,"column":7},"end":{"line":30,"column":1}},"loc":{"start":{"line":19,"column":7},"end":{"line":30,"column":1}},"line":19},"1":{"name":"QueryWrapper","decl":{"start":{"line":41,"column":7},"end":{"line":46,"column":1}},"loc":{"start":{"line":41,"column":7},"end":{"line":46,"column":1}},"line":41},"2":{"name":"RouterWrapper","decl":{"start":{"line":54,"column":7},"end":{"line":56,"column":1}},"loc":{"start":{"line":54,"column":7},"end":{"line":56,"column":1}},"line":54},"3":{"name":"createWrapper","decl":{"start":{"line":66,"column":7},"end":{"line":75,"column":1}},"loc":{"start":{"line":66,"column":7},"end":{"line":75,"column":1}},"line":66},"4":{"name":"Wrapper","decl":{"start":{"line":68,"column":9},"end":{"line":74,"column":4}},"loc":{"start":{"line":68,"column":9},"end":{"line":74,"column":4}},"line":68}},"f":{"0":25,"1":0,"2":0,"3":25,"4":25}}
}
